14:12:12.668 [main] INFO  c.a.n.c.r.client - [lambda$createClient$0,80] - [RpcClientFactory] create a new rpc client of 153ec88c-1bac-40b0-8657-3e0c79d63053_config-0
14:12:12.741 [main] INFO  o.r.Reflections - [scan,232] - Reflections took 38 ms to scan 1 urls, producing 3 keys and 6 values 
14:12:12.776 [main] INFO  o.r.Reflections - [scan,232] - Reflections took 11 ms to scan 1 urls, producing 4 keys and 9 values 
14:12:12.788 [main] INFO  o.r.Reflections - [scan,232] - Reflections took 9 ms to scan 1 urls, producing 3 keys and 10 values 
14:12:12.805 [main] INFO  o.r.Reflections - [scan,232] - Reflections took 12 ms to scan 1 urls, producing 1 keys and 5 values 
14:12:12.822 [main] INFO  o.r.Reflections - [scan,232] - Reflections took 13 ms to scan 1 urls, producing 1 keys and 7 values 
14:12:12.863 [main] INFO  o.r.Reflections - [scan,232] - Reflections took 10 ms to scan 1 urls, producing 2 keys and 8 values 
14:12:12.867 [main] INFO  c.a.n.c.r.client - [printIfInfoEnabled,60] - [153ec88c-1bac-40b0-8657-3e0c79d63053_config-0] RpcClient init label, labels = {module=config, Vipserver-Tag=null, source=sdk, Amory-Tag=null, Location-Tag=null, taskId=0, AppName=unknown}
14:12:12.869 [main] INFO  c.a.n.c.r.client - [printIfInfoEnabled,60] - [153ec88c-1bac-40b0-8657-3e0c79d63053_config-0] Register server push request handler:com.alibaba.nacos.client.config.impl.ClientWorker$ConfigRpcTransportClient$$Lambda$444/0x000000080037fc40
14:12:12.870 [main] INFO  c.a.n.c.r.client - [printIfInfoEnabled,60] - [153ec88c-1bac-40b0-8657-3e0c79d63053_config-0] Register server push request handler:com.alibaba.nacos.client.config.impl.ClientWorker$ConfigRpcTransportClient$$Lambda$445/0x000000080037f040
14:12:12.870 [main] INFO  c.a.n.c.r.client - [printIfInfoEnabled,60] - [153ec88c-1bac-40b0-8657-3e0c79d63053_config-0] Registry connection listener to current client:com.alibaba.nacos.client.config.impl.ClientWorker$ConfigRpcTransportClient$1
14:12:12.871 [main] INFO  c.a.n.c.r.client - [printIfInfoEnabled,60] - [153ec88c-1bac-40b0-8657-3e0c79d63053_config-0] RpcClient init, ServerListFactory = com.alibaba.nacos.client.config.impl.ClientWorker$ConfigRpcTransportClient$2
14:12:12.881 [main] INFO  c.a.n.c.r.client - [printIfInfoEnabled,60] - [153ec88c-1bac-40b0-8657-3e0c79d63053_config-0] Try to connect to server on start up, server: {serverIp = 'localhost', server main port = 8848}
14:12:15.501 [main] INFO  c.a.n.c.r.client - [printIfInfoEnabled,60] - [153ec88c-1bac-40b0-8657-3e0c79d63053_config-0] Success to connect to server [localhost:8848] on start up, connectionId = 1747289535186_127.0.0.1_57920
14:12:15.502 [main] INFO  c.a.n.c.r.client - [printIfInfoEnabled,60] - [153ec88c-1bac-40b0-8657-3e0c79d63053_config-0] Register server push request handler:com.alibaba.nacos.common.remote.client.RpcClient$ConnectResetRequestHandler
14:12:15.502 [com.alibaba.nacos.client.remote.worker] INFO  c.a.n.c.r.client - [printIfInfoEnabled,60] - [153ec88c-1bac-40b0-8657-3e0c79d63053_config-0] Notify connected event to listeners.
14:12:15.504 [main] INFO  c.a.n.c.r.client - [printIfInfoEnabled,60] - [153ec88c-1bac-40b0-8657-3e0c79d63053_config-0] Register server push request handler:com.alibaba.nacos.common.remote.client.RpcClient$$Lambda$459/0x00000008003ee040
14:12:15.570 [main] INFO  c.a.n.c.r.client - [lambda$createClient$0,80] - [RpcClientFactory] create a new rpc client of f7744915-4f5c-4f8f-b51b-84df9d43e0ce_config-0
14:12:15.646 [main] INFO  o.r.Reflections - [scan,232] - Reflections took 38 ms to scan 1 urls, producing 3 keys and 6 values 
14:12:15.673 [main] INFO  c.c.CloudApiApplication - [logStartupProfileInfo,646] - The following 1 profile is active: "dev"
14:12:15.692 [main] INFO  o.r.Reflections - [scan,232] - Reflections took 18 ms to scan 1 urls, producing 4 keys and 9 values 
14:12:15.712 [main] INFO  o.r.Reflections - [scan,232] - Reflections took 17 ms to scan 1 urls, producing 3 keys and 10 values 
14:12:15.725 [main] INFO  o.r.Reflections - [scan,232] - Reflections took 9 ms to scan 1 urls, producing 1 keys and 5 values 
14:12:15.739 [main] INFO  o.r.Reflections - [scan,232] - Reflections took 11 ms to scan 1 urls, producing 1 keys and 7 values 
14:12:15.755 [main] INFO  o.r.Reflections - [scan,232] - Reflections took 13 ms to scan 1 urls, producing 2 keys and 8 values 
14:12:15.758 [main] INFO  c.a.n.c.r.client - [printIfInfoEnabled,60] - [f7744915-4f5c-4f8f-b51b-84df9d43e0ce_config-0] RpcClient init label, labels = {module=config, Vipserver-Tag=null, source=sdk, Amory-Tag=null, Location-Tag=null, taskId=0, AppName=unknown}
14:12:15.759 [main] INFO  c.a.n.c.r.client - [printIfInfoEnabled,60] - [f7744915-4f5c-4f8f-b51b-84df9d43e0ce_config-0] Register server push request handler:com.alibaba.nacos.client.config.impl.ClientWorker$ConfigRpcTransportClient$$Lambda$444/0x000000080037f040
14:12:15.759 [main] INFO  c.a.n.c.r.client - [printIfInfoEnabled,60] - [f7744915-4f5c-4f8f-b51b-84df9d43e0ce_config-0] Register server push request handler:com.alibaba.nacos.client.config.impl.ClientWorker$ConfigRpcTransportClient$$Lambda$445/0x000000080037f440
14:12:15.759 [main] INFO  c.a.n.c.r.client - [printIfInfoEnabled,60] - [f7744915-4f5c-4f8f-b51b-84df9d43e0ce_config-0] Registry connection listener to current client:com.alibaba.nacos.client.config.impl.ClientWorker$ConfigRpcTransportClient$1
14:12:15.760 [main] INFO  c.a.n.c.r.client - [printIfInfoEnabled,60] - [f7744915-4f5c-4f8f-b51b-84df9d43e0ce_config-0] RpcClient init, ServerListFactory = com.alibaba.nacos.client.config.impl.ClientWorker$ConfigRpcTransportClient$2
14:12:15.768 [main] INFO  c.a.n.c.r.client - [printIfInfoEnabled,60] - [f7744915-4f5c-4f8f-b51b-84df9d43e0ce_config-0] Try to connect to server on start up, server: {serverIp = 'localhost', server main port = 8848}
14:12:17.565 [main] INFO  o.a.c.h.Http11NioProtocol - [log,173] - Initializing ProtocolHandler ["http-nio-9321"]
14:12:17.565 [main] INFO  o.a.c.c.StandardService - [log,173] - Starting service [Tomcat]
14:12:17.566 [main] INFO  o.a.c.c.StandardEngine - [log,173] - Starting Servlet engine: [Apache Tomcat/9.0.62]
14:12:17.831 [main] INFO  o.a.c.c.C.[.[.[/] - [log,173] - Initializing Spring embedded WebApplicationContext
14:12:17.982 [main] INFO  c.a.n.c.r.client - [printIfInfoEnabled,60] - [f7744915-4f5c-4f8f-b51b-84df9d43e0ce_config-0] Success to connect to server [localhost:8848] on start up, connectionId = 1747289537769_127.0.0.1_58008
14:12:17.983 [com.alibaba.nacos.client.remote.worker] INFO  c.a.n.c.r.client - [printIfInfoEnabled,60] - [f7744915-4f5c-4f8f-b51b-84df9d43e0ce_config-0] Notify connected event to listeners.
14:12:17.984 [main] INFO  c.a.n.c.r.client - [printIfInfoEnabled,60] - [f7744915-4f5c-4f8f-b51b-84df9d43e0ce_config-0] Register server push request handler:com.alibaba.nacos.common.remote.client.RpcClient$ConnectResetRequestHandler
14:12:17.988 [main] INFO  c.a.n.c.r.client - [printIfInfoEnabled,60] - [f7744915-4f5c-4f8f-b51b-84df9d43e0ce_config-0] Register server push request handler:com.alibaba.nacos.common.remote.client.RpcClient$$Lambda$459/0x00000008003ee840
14:12:18.156 [main] INFO  c.c.CloudLogisticsApplication - [logStartupProfileInfo,646] - The following 1 profile is active: "dev"
14:12:19.710 [main] INFO  o.a.c.h.Http11NioProtocol - [log,173] - Initializing ProtocolHandler ["http-nio-9322"]
14:12:19.711 [main] INFO  o.a.c.c.StandardService - [log,173] - Starting service [Tomcat]
14:12:19.712 [main] INFO  o.a.c.c.StandardEngine - [log,173] - Starting Servlet engine: [Apache Tomcat/9.0.62]
14:12:19.941 [main] INFO  o.a.c.c.C.[.[.[/] - [log,173] - Initializing Spring embedded WebApplicationContext
14:12:21.495 [main] INFO  c.a.n.c.r.client - [lambda$createClient$0,80] - [RpcClientFactory] create a new rpc client of 12a49482-81c8-44bb-894c-ab9205cd51cc
14:12:21.495 [main] INFO  c.a.n.c.r.client - [printIfInfoEnabled,60] - [12a49482-81c8-44bb-894c-ab9205cd51cc] RpcClient init label, labels = {module=naming, source=sdk}
14:12:21.499 [main] INFO  c.a.n.c.r.client - [printIfInfoEnabled,60] - [12a49482-81c8-44bb-894c-ab9205cd51cc] RpcClient init, ServerListFactory = com.alibaba.nacos.client.naming.core.ServerListManager
14:12:21.499 [main] INFO  c.a.n.c.r.client - [printIfInfoEnabled,60] - [12a49482-81c8-44bb-894c-ab9205cd51cc] Registry connection listener to current client:com.alibaba.nacos.client.naming.remote.gprc.redo.NamingGrpcRedoService
14:12:21.500 [main] INFO  c.a.n.c.r.client - [printIfInfoEnabled,60] - [12a49482-81c8-44bb-894c-ab9205cd51cc] Register server push request handler:com.alibaba.nacos.client.naming.remote.gprc.NamingPushRequestHandler
14:12:21.500 [main] INFO  c.a.n.c.r.client - [printIfInfoEnabled,60] - [12a49482-81c8-44bb-894c-ab9205cd51cc] Try to connect to server on start up, server: {serverIp = 'localhost', server main port = 8848}
14:12:21.637 [main] INFO  c.a.n.c.r.client - [printIfInfoEnabled,60] - [12a49482-81c8-44bb-894c-ab9205cd51cc] Success to connect to server [localhost:8848] on start up, connectionId = 1747289541511_127.0.0.1_58106
14:12:21.638 [com.alibaba.nacos.client.remote.worker] INFO  c.a.n.c.r.client - [printIfInfoEnabled,60] - [12a49482-81c8-44bb-894c-ab9205cd51cc] Notify connected event to listeners.
14:12:21.638 [main] INFO  c.a.n.c.r.client - [printIfInfoEnabled,60] - [12a49482-81c8-44bb-894c-ab9205cd51cc] Register server push request handler:com.alibaba.nacos.common.remote.client.RpcClient$ConnectResetRequestHandler
14:12:21.639 [main] INFO  c.a.n.c.r.client - [printIfInfoEnabled,60] - [12a49482-81c8-44bb-894c-ab9205cd51cc] Register server push request handler:com.alibaba.nacos.common.remote.client.RpcClient$$Lambda$459/0x00000008003ee040
14:12:21.730 [main] INFO  o.a.c.h.Http11NioProtocol - [log,173] - Starting ProtocolHandler ["http-nio-9321"]
14:12:21.786 [main] INFO  c.a.c.n.r.NacosServiceRegistry - [register,75] - nacos registry, DEFAULT_GROUP cloud-api 172.16.90.73:9321 register finished
14:12:22.300 [main] INFO  c.a.n.c.r.client - [lambda$createClient$0,80] - [RpcClientFactory] create a new rpc client of 19b1b1c5-7dd4-4581-8b04-c50307561048_config-0
14:12:22.348 [main] INFO  o.r.Reflections - [scan,232] - Reflections took 28 ms to scan 1 urls, producing 3 keys and 6 values 
14:12:22.373 [main] INFO  o.r.Reflections - [scan,232] - Reflections took 13 ms to scan 1 urls, producing 4 keys and 9 values 
14:12:22.385 [main] INFO  c.c.CloudApiApplication - [logStarted,61] - Started CloudApiApplication in 12.205 seconds (JVM running for 13.906)
14:12:22.387 [main] INFO  o.r.Reflections - [scan,232] - Reflections took 11 ms to scan 1 urls, producing 3 keys and 10 values 
14:12:22.395 [main] INFO  c.a.c.n.r.NacosContextRefresher - [registerNacosListenersForApplications,105] - listening config: dataId=cloud-api, group=DEFAULT_GROUP
14:12:22.396 [main] INFO  c.a.c.n.r.NacosContextRefresher - [registerNacosListenersForApplications,105] - listening config: dataId=cloud-api.yml, group=DEFAULT_GROUP
14:12:22.398 [main] INFO  c.a.c.n.r.NacosContextRefresher - [registerNacosListenersForApplications,105] - listening config: dataId=cloud-api-dev.yml, group=DEFAULT_GROUP
14:12:22.408 [main] INFO  o.r.Reflections - [scan,232] - Reflections took 14 ms to scan 1 urls, producing 1 keys and 5 values 
14:12:22.414 [scheduling-1] INFO  c.z.h.HikariDataSource - [getConnection,110] - HikariPool-1 - Starting...
14:12:22.432 [main] INFO  o.r.Reflections - [scan,232] - Reflections took 22 ms to scan 1 urls, producing 1 keys and 7 values 
14:12:22.450 [main] INFO  o.r.Reflections - [scan,232] - Reflections took 13 ms to scan 1 urls, producing 2 keys and 8 values 
14:12:22.456 [main] INFO  c.a.n.c.r.client - [printIfInfoEnabled,60] - [19b1b1c5-7dd4-4581-8b04-c50307561048_config-0] RpcClient init label, labels = {module=config, Vipserver-Tag=null, source=sdk, Amory-Tag=null, Location-Tag=null, taskId=0, AppName=unknown}
14:12:22.457 [main] INFO  c.a.n.c.r.client - [printIfInfoEnabled,60] - [19b1b1c5-7dd4-4581-8b04-c50307561048_config-0] Register server push request handler:com.alibaba.nacos.client.config.impl.ClientWorker$ConfigRpcTransportClient$$Lambda$444/0x000000080037f040
14:12:22.457 [main] INFO  c.a.n.c.r.client - [printIfInfoEnabled,60] - [19b1b1c5-7dd4-4581-8b04-c50307561048_config-0] Register server push request handler:com.alibaba.nacos.client.config.impl.ClientWorker$ConfigRpcTransportClient$$Lambda$445/0x000000080037f440
14:12:22.458 [main] INFO  c.a.n.c.r.client - [printIfInfoEnabled,60] - [19b1b1c5-7dd4-4581-8b04-c50307561048_config-0] Registry connection listener to current client:com.alibaba.nacos.client.config.impl.ClientWorker$ConfigRpcTransportClient$1
14:12:22.458 [main] INFO  c.a.n.c.r.client - [printIfInfoEnabled,60] - [19b1b1c5-7dd4-4581-8b04-c50307561048_config-0] RpcClient init, ServerListFactory = com.alibaba.nacos.client.config.impl.ClientWorker$ConfigRpcTransportClient$2
14:12:22.472 [main] INFO  c.a.n.c.r.client - [printIfInfoEnabled,60] - [19b1b1c5-7dd4-4581-8b04-c50307561048_config-0] Try to connect to server on start up, server: {serverIp = 'localhost', server main port = 8848}
14:12:22.897 [main] INFO  c.a.n.c.r.client - [lambda$createClient$0,80] - [RpcClientFactory] create a new rpc client of 4587a760-4242-42c7-810c-8559c9be3d71
14:12:22.897 [main] INFO  c.a.n.c.r.client - [printIfInfoEnabled,60] - [4587a760-4242-42c7-810c-8559c9be3d71] RpcClient init label, labels = {module=naming, source=sdk}
14:12:22.898 [main] INFO  c.a.n.c.r.client - [printIfInfoEnabled,60] - [4587a760-4242-42c7-810c-8559c9be3d71] RpcClient init, ServerListFactory = com.alibaba.nacos.client.naming.core.ServerListManager
14:12:22.900 [main] INFO  c.a.n.c.r.client - [printIfInfoEnabled,60] - [4587a760-4242-42c7-810c-8559c9be3d71] Registry connection listener to current client:com.alibaba.nacos.client.naming.remote.gprc.redo.NamingGrpcRedoService
14:12:22.900 [main] INFO  c.a.n.c.r.client - [printIfInfoEnabled,60] - [4587a760-4242-42c7-810c-8559c9be3d71] Register server push request handler:com.alibaba.nacos.client.naming.remote.gprc.NamingPushRequestHandler
14:12:22.900 [main] INFO  c.a.n.c.r.client - [printIfInfoEnabled,60] - [4587a760-4242-42c7-810c-8559c9be3d71] Try to connect to server on start up, server: {serverIp = 'localhost', server main port = 8848}
14:12:23.002 [nacos-grpc-client-executor-8] INFO  c.a.n.c.r.client - [printIfInfoEnabled,60] - [12a49482-81c8-44bb-894c-ab9205cd51cc] Receive server push request, request = NotifySubscriberRequest, requestId = 1
14:12:23.005 [nacos-grpc-client-executor-8] INFO  c.a.n.c.r.client - [printIfInfoEnabled,60] - [12a49482-81c8-44bb-894c-ab9205cd51cc] Ack server push request, request = NotifySubscriberRequest, requestId = 1
14:12:23.042 [main] INFO  c.a.n.c.r.client - [printIfInfoEnabled,60] - [4587a760-4242-42c7-810c-8559c9be3d71] Success to connect to server [localhost:8848] on start up, connectionId = 1747289542914_127.0.0.1_58192
14:12:23.043 [com.alibaba.nacos.client.remote.worker] INFO  c.a.n.c.r.client - [printIfInfoEnabled,60] - [4587a760-4242-42c7-810c-8559c9be3d71] Notify connected event to listeners.
14:12:23.043 [main] INFO  c.a.n.c.r.client - [printIfInfoEnabled,60] - [4587a760-4242-42c7-810c-8559c9be3d71] Register server push request handler:com.alibaba.nacos.common.remote.client.RpcClient$ConnectResetRequestHandler
14:12:23.043 [main] INFO  c.a.n.c.r.client - [printIfInfoEnabled,60] - [4587a760-4242-42c7-810c-8559c9be3d71] Register server push request handler:com.alibaba.nacos.common.remote.client.RpcClient$$Lambda$459/0x00000008003ee840
14:12:23.084 [scheduling-1] INFO  c.z.h.HikariDataSource - [getConnection,123] - HikariPool-1 - Start completed.
14:12:23.091 [main] INFO  o.a.c.h.Http11NioProtocol - [log,173] - Starting ProtocolHandler ["http-nio-9322"]
14:12:23.122 [main] INFO  c.a.c.n.r.NacosServiceRegistry - [register,75] - nacos registry, DEFAULT_GROUP cloud-notice 172.16.90.73:9322 register finished
14:12:23.678 [nacos-grpc-client-executor-7] INFO  c.a.n.c.r.client - [printIfInfoEnabled,60] - [4587a760-4242-42c7-810c-8559c9be3d71] Receive server push request, request = NotifySubscriberRequest, requestId = 2
14:12:23.682 [nacos-grpc-client-executor-7] INFO  c.a.n.c.r.client - [printIfInfoEnabled,60] - [4587a760-4242-42c7-810c-8559c9be3d71] Ack server push request, request = NotifySubscriberRequest, requestId = 2
14:12:23.769 [main] INFO  c.c.CloudLogisticsApplication - [logStarted,61] - Started CloudLogisticsApplication in 10.52 seconds (JVM running for 11.901)
14:12:23.776 [main] INFO  c.a.c.n.r.NacosContextRefresher - [registerNacosListenersForApplications,105] - listening config: dataId=cloud-notice.yml, group=DEFAULT_GROUP
14:12:23.778 [main] INFO  c.a.c.n.r.NacosContextRefresher - [registerNacosListenersForApplications,105] - listening config: dataId=cloud-notice, group=DEFAULT_GROUP
14:12:23.779 [main] INFO  c.a.c.n.r.NacosContextRefresher - [registerNacosListenersForApplications,105] - listening config: dataId=cloud-notice-dev.yml, group=DEFAULT_GROUP
14:12:23.791 [scheduling-1] INFO  c.z.h.HikariDataSource - [getConnection,110] - HikariPool-1 - Starting...
14:12:24.291 [scheduling-1] INFO  c.z.h.HikariDataSource - [getConnection,123] - HikariPool-1 - Start completed.
14:12:24.680 [main] INFO  c.a.n.c.r.client - [printIfInfoEnabled,60] - [19b1b1c5-7dd4-4581-8b04-c50307561048_config-0] Success to connect to server [localhost:8848] on start up, connectionId = 1747289544485_127.0.0.1_58216
14:12:24.682 [main] INFO  c.a.n.c.r.client - [printIfInfoEnabled,60] - [19b1b1c5-7dd4-4581-8b04-c50307561048_config-0] Register server push request handler:com.alibaba.nacos.common.remote.client.RpcClient$ConnectResetRequestHandler
14:12:24.681 [com.alibaba.nacos.client.remote.worker] INFO  c.a.n.c.r.client - [printIfInfoEnabled,60] - [19b1b1c5-7dd4-4581-8b04-c50307561048_config-0] Notify connected event to listeners.
14:12:24.683 [main] INFO  c.a.n.c.r.client - [printIfInfoEnabled,60] - [19b1b1c5-7dd4-4581-8b04-c50307561048_config-0] Register server push request handler:com.alibaba.nacos.common.remote.client.RpcClient$$Lambda$459/0x00000008003ee840
14:12:24.799 [main] INFO  c.c.CloudUserApplication - [logStartupProfileInfo,646] - The following 1 profile is active: "dev"
14:12:26.066 [main] INFO  o.a.c.h.Http11NioProtocol - [log,173] - Initializing ProtocolHandler ["http-nio-9324"]
14:12:26.067 [main] INFO  o.a.c.c.StandardService - [log,173] - Starting service [Tomcat]
14:12:26.067 [main] INFO  o.a.c.c.StandardEngine - [log,173] - Starting Servlet engine: [Apache Tomcat/9.0.62]
14:12:26.293 [main] INFO  o.a.c.c.C.[.[.[/] - [log,173] - Initializing Spring embedded WebApplicationContext
14:12:28.659 [main] INFO  c.a.n.c.r.client - [lambda$createClient$0,80] - [RpcClientFactory] create a new rpc client of 909132e4-0443-4518-9cfc-bdd079618fe7
14:12:28.660 [main] INFO  c.a.n.c.r.client - [printIfInfoEnabled,60] - [909132e4-0443-4518-9cfc-bdd079618fe7] RpcClient init label, labels = {module=naming, source=sdk}
14:12:28.662 [main] INFO  c.a.n.c.r.client - [printIfInfoEnabled,60] - [909132e4-0443-4518-9cfc-bdd079618fe7] RpcClient init, ServerListFactory = com.alibaba.nacos.client.naming.core.ServerListManager
14:12:28.662 [main] INFO  c.a.n.c.r.client - [printIfInfoEnabled,60] - [909132e4-0443-4518-9cfc-bdd079618fe7] Registry connection listener to current client:com.alibaba.nacos.client.naming.remote.gprc.redo.NamingGrpcRedoService
14:12:28.662 [main] INFO  c.a.n.c.r.client - [printIfInfoEnabled,60] - [909132e4-0443-4518-9cfc-bdd079618fe7] Register server push request handler:com.alibaba.nacos.client.naming.remote.gprc.NamingPushRequestHandler
14:12:28.663 [main] INFO  c.a.n.c.r.client - [printIfInfoEnabled,60] - [909132e4-0443-4518-9cfc-bdd079618fe7] Try to connect to server on start up, server: {serverIp = 'localhost', server main port = 8848}
14:12:28.800 [main] INFO  c.a.n.c.r.client - [printIfInfoEnabled,60] - [909132e4-0443-4518-9cfc-bdd079618fe7] Success to connect to server [localhost:8848] on start up, connectionId = 1747289548671_127.0.0.1_58235
14:12:28.801 [com.alibaba.nacos.client.remote.worker] INFO  c.a.n.c.r.client - [printIfInfoEnabled,60] - [909132e4-0443-4518-9cfc-bdd079618fe7] Notify connected event to listeners.
14:12:28.801 [main] INFO  c.a.n.c.r.client - [printIfInfoEnabled,60] - [909132e4-0443-4518-9cfc-bdd079618fe7] Register server push request handler:com.alibaba.nacos.common.remote.client.RpcClient$ConnectResetRequestHandler
14:12:28.802 [main] INFO  c.a.n.c.r.client - [printIfInfoEnabled,60] - [909132e4-0443-4518-9cfc-bdd079618fe7] Register server push request handler:com.alibaba.nacos.common.remote.client.RpcClient$$Lambda$459/0x00000008003ee840
14:12:28.864 [main] INFO  o.a.c.h.Http11NioProtocol - [log,173] - Starting ProtocolHandler ["http-nio-9324"]
14:12:28.907 [main] INFO  c.a.c.n.r.NacosServiceRegistry - [register,75] - nacos registry, DEFAULT_GROUP cloud-user 172.16.90.73:9324 register finished
14:12:29.367 [nacos-grpc-client-executor-7] INFO  c.a.n.c.r.client - [printIfInfoEnabled,60] - [909132e4-0443-4518-9cfc-bdd079618fe7] Receive server push request, request = NotifySubscriberRequest, requestId = 3
14:12:29.371 [nacos-grpc-client-executor-7] INFO  c.a.n.c.r.client - [printIfInfoEnabled,60] - [909132e4-0443-4518-9cfc-bdd079618fe7] Ack server push request, request = NotifySubscriberRequest, requestId = 3
14:12:29.499 [main] INFO  c.c.CloudUserApplication - [logStarted,61] - Started CloudUserApplication in 9.529 seconds (JVM running for 11.05)
14:12:29.522 [main] INFO  c.a.c.n.r.NacosContextRefresher - [registerNacosListenersForApplications,105] - listening config: dataId=cloud-user, group=DEFAULT_GROUP
14:12:29.522 [main] INFO  c.a.c.n.r.NacosContextRefresher - [registerNacosListenersForApplications,105] - listening config: dataId=cloud-user.yml, group=DEFAULT_GROUP
14:12:29.523 [main] INFO  c.a.c.n.r.NacosContextRefresher - [registerNacosListenersForApplications,105] - listening config: dataId=cloud-user-dev.yml, group=DEFAULT_GROUP
14:12:29.543 [scheduling-1] INFO  c.z.h.HikariDataSource - [getConnection,110] - HikariPool-1 - Starting...
14:12:30.062 [scheduling-1] INFO  c.z.h.HikariDataSource - [getConnection,123] - HikariPool-1 - Start completed.
14:28:09.985 [SpringApplicationShutdownHook] INFO  c.a.c.n.r.NacosServiceRegistry - [deregister,94] - De-registering from Nacos Server now...
14:28:09.989 [SpringApplicationShutdownHook] INFO  c.a.c.n.r.NacosServiceRegistry - [deregister,114] - De-registration finished.
14:28:10.029 [SpringApplicationShutdownHook] INFO  c.a.c.n.r.NacosServiceRegistry - [deregister,94] - De-registering from Nacos Server now...
14:28:10.034 [SpringApplicationShutdownHook] INFO  c.a.c.n.r.NacosServiceRegistry - [deregister,114] - De-registration finished.
14:28:10.036 [SpringApplicationShutdownHook] INFO  c.a.c.n.r.NacosServiceRegistry - [deregister,94] - De-registering from Nacos Server now...
14:28:10.041 [SpringApplicationShutdownHook] INFO  c.a.c.n.r.NacosServiceRegistry - [deregister,114] - De-registration finished.
14:28:10.327 [SpringApplicationShutdownHook] INFO  c.a.n.c.r.client - [shutdown,454] - Shutdown rpc client, set status to shutdown
14:28:10.327 [SpringApplicationShutdownHook] INFO  c.a.n.c.r.client - [shutdown,456] - Shutdown client event executor java.util.concurrent.ScheduledThreadPoolExecutor@417cee74[Running, pool size = 2, active threads = 2, queued tasks = 0, completed tasks = 0]
14:28:10.327 [SpringApplicationShutdownHook] INFO  c.a.n.c.r.client - [closeConnection,591] - Close current connection 1747289548671_127.0.0.1_58235
14:28:10.329 [nacos-grpc-client-executor-210] INFO  c.a.n.c.r.c.g.GrpcClient - [printIfInfoEnabled,60] - [1747289548671_127.0.0.1_58235]Ignore complete event,isRunning:false,isAbandon=false
14:28:10.330 [SpringApplicationShutdownHook] INFO  c.a.n.c.r.c.g.GrpcClient - [shutdown,85] - Shutdown grpc executor java.util.concurrent.ThreadPoolExecutor@3dff1123[Running, pool size = 5, active threads = 0, queued tasks = 0, completed tasks = 211]
14:28:10.359 [SpringApplicationShutdownHook] INFO  c.z.h.HikariDataSource - [close,350] - HikariPool-1 - Shutdown initiated...
14:28:10.372 [SpringApplicationShutdownHook] INFO  c.z.h.HikariDataSource - [close,352] - HikariPool-1 - Shutdown completed.
14:28:10.374 [SpringApplicationShutdownHook] INFO  c.a.n.c.r.client - [shutdown,454] - Shutdown rpc client, set status to shutdown
14:28:10.374 [SpringApplicationShutdownHook] INFO  c.a.n.c.r.client - [shutdown,456] - Shutdown client event executor java.util.concurrent.ScheduledThreadPoolExecutor@4d1bf2ab[Running, pool size = 2, active threads = 2, queued tasks = 0, completed tasks = 0]
14:28:10.374 [SpringApplicationShutdownHook] INFO  c.a.n.c.r.client - [closeConnection,591] - Close current connection 1747289541511_127.0.0.1_58106
14:28:10.375 [SpringApplicationShutdownHook] INFO  c.a.n.c.r.client - [shutdown,454] - Shutdown rpc client, set status to shutdown
14:28:10.375 [SpringApplicationShutdownHook] INFO  c.a.n.c.r.client - [shutdown,456] - Shutdown client event executor java.util.concurrent.ScheduledThreadPoolExecutor@6ed27244[Running, pool size = 2, active threads = 2, queued tasks = 0, completed tasks = 0]
14:28:10.376 [SpringApplicationShutdownHook] INFO  c.a.n.c.r.client - [closeConnection,591] - Close current connection 1747289542914_127.0.0.1_58192
14:28:10.380 [nacos-grpc-client-executor-211] INFO  c.a.n.c.r.c.g.GrpcClient - [printIfInfoEnabled,60] - [1747289541511_127.0.0.1_58106]Ignore complete event,isRunning:false,isAbandon=false
14:28:10.380 [nacos-grpc-client-executor-211] INFO  c.a.n.c.r.c.g.GrpcClient - [printIfInfoEnabled,60] - [1747289542914_127.0.0.1_58192]Ignore complete event,isRunning:false,isAbandon=false
14:28:10.383 [SpringApplicationShutdownHook] INFO  c.a.n.c.r.c.g.GrpcClient - [shutdown,85] - Shutdown grpc executor java.util.concurrent.ThreadPoolExecutor@7603eb42[Running, pool size = 5, active threads = 0, queued tasks = 0, completed tasks = 212]
14:28:10.384 [SpringApplicationShutdownHook] INFO  c.a.n.c.r.c.g.GrpcClient - [shutdown,85] - Shutdown grpc executor java.util.concurrent.ThreadPoolExecutor@32a9db60[Running, pool size = 5, active threads = 0, queued tasks = 0, completed tasks = 212]
14:28:10.389 [SpringApplicationShutdownHook] INFO  c.z.h.HikariDataSource - [close,350] - HikariPool-1 - Shutdown initiated...
14:28:10.390 [SpringApplicationShutdownHook] INFO  c.z.h.HikariDataSource - [close,350] - HikariPool-1 - Shutdown initiated...
14:28:10.403 [SpringApplicationShutdownHook] INFO  c.z.h.HikariDataSource - [close,352] - HikariPool-1 - Shutdown completed.
14:28:10.403 [SpringApplicationShutdownHook] INFO  c.z.h.HikariDataSource - [close,352] - HikariPool-1 - Shutdown completed.
