15:04:52.753 [main] INFO  c.a.n.c.r.client - [lambda$createClient$0,80] - [RpcClientFactory] create a new rpc client of d84f6ebb-7452-4945-b644-8da5a631e386_config-0
15:04:52.801 [main] INFO  o.r.Reflections - [scan,232] - Reflections took 14 ms to scan 1 urls, producing 3 keys and 6 values 
15:04:52.816 [main] INFO  o.r.Reflections - [scan,232] - Reflections took 8 ms to scan 1 urls, producing 4 keys and 9 values 
15:04:52.822 [main] INFO  o.r.Reflections - [scan,232] - Reflections took 5 ms to scan 1 urls, producing 3 keys and 10 values 
15:04:52.829 [main] INFO  o.r.Reflections - [scan,232] - Reflections took 5 ms to scan 1 urls, producing 1 keys and 5 values 
15:04:52.836 [main] INFO  o.r.Reflections - [scan,232] - Reflections took 5 ms to scan 1 urls, producing 1 keys and 7 values 
15:04:52.880 [main] INFO  o.r.Reflections - [scan,232] - Reflections took 12 ms to scan 1 urls, producing 2 keys and 8 values 
15:04:52.884 [main] INFO  c.a.n.c.r.client - [printIfInfoEnabled,60] - [d84f6ebb-7452-4945-b644-8da5a631e386_config-0] RpcClient init label, labels = {module=config, Vipserver-Tag=null, source=sdk, Amory-Tag=null, Location-Tag=null, taskId=0, AppName=unknown}
15:04:52.885 [main] INFO  c.a.n.c.r.client - [printIfInfoEnabled,60] - [d84f6ebb-7452-4945-b644-8da5a631e386_config-0] Register server push request handler:com.alibaba.nacos.client.config.impl.ClientWorker$ConfigRpcTransportClient$$Lambda$444/0x000000080037f040
15:04:52.886 [main] INFO  c.a.n.c.r.client - [printIfInfoEnabled,60] - [d84f6ebb-7452-4945-b644-8da5a631e386_config-0] Register server push request handler:com.alibaba.nacos.client.config.impl.ClientWorker$ConfigRpcTransportClient$$Lambda$445/0x000000080037f440
15:04:52.886 [main] INFO  c.a.n.c.r.client - [printIfInfoEnabled,60] - [d84f6ebb-7452-4945-b644-8da5a631e386_config-0] Registry connection listener to current client:com.alibaba.nacos.client.config.impl.ClientWorker$ConfigRpcTransportClient$1
15:04:52.887 [main] INFO  c.a.n.c.r.client - [printIfInfoEnabled,60] - [d84f6ebb-7452-4945-b644-8da5a631e386_config-0] RpcClient init, ServerListFactory = com.alibaba.nacos.client.config.impl.ClientWorker$ConfigRpcTransportClient$2
15:04:52.898 [main] INFO  c.a.n.c.r.client - [printIfInfoEnabled,60] - [d84f6ebb-7452-4945-b644-8da5a631e386_config-0] Try to connect to server on start up, server: {serverIp = 'localhost', server main port = 8848}
15:04:53.956 [main] INFO  c.a.n.c.r.client - [printIfInfoEnabled,60] - [d84f6ebb-7452-4945-b644-8da5a631e386_config-0] Try to connect to server on start up, server: {serverIp = 'localhost', server main port = 8848}
15:04:53.965 [main] INFO  c.a.n.c.r.client - [printIfInfoEnabled,60] - [d84f6ebb-7452-4945-b644-8da5a631e386_config-0] Try to connect to server on start up, server: {serverIp = 'localhost', server main port = 8848}
15:04:53.972 [main] INFO  c.a.n.c.r.client - [printIfInfoEnabled,60] - [d84f6ebb-7452-4945-b644-8da5a631e386_config-0] Register server push request handler:com.alibaba.nacos.common.remote.client.RpcClient$ConnectResetRequestHandler
15:04:53.972 [com.alibaba.nacos.client.remote.worker] INFO  c.a.n.c.r.client - [printIfInfoEnabled,60] - [d84f6ebb-7452-4945-b644-8da5a631e386_config-0] Try to reconnect to a new server, server is  not appointed, will choose a random server.
15:04:53.973 [main] INFO  c.a.n.c.r.client - [printIfInfoEnabled,60] - [d84f6ebb-7452-4945-b644-8da5a631e386_config-0] Register server push request handler:com.alibaba.nacos.common.remote.client.RpcClient$$Lambda$459/0x00000008003e7440
15:04:54.101 [com.alibaba.nacos.client.remote.worker] INFO  c.a.n.c.r.client - [printIfInfoEnabled,60] - [d84f6ebb-7452-4945-b644-8da5a631e386_config-0] Fail to connect server, after trying 1 times, last try server is {serverIp = 'localhost', server main port = 8848}, error = unknown
15:04:54.315 [com.alibaba.nacos.client.remote.worker] INFO  c.a.n.c.r.client - [printIfInfoEnabled,60] - [d84f6ebb-7452-4945-b644-8da5a631e386_config-0] Fail to connect server, after trying 2 times, last try server is {serverIp = 'localhost', server main port = 8848}, error = unknown
15:04:54.654 [com.alibaba.nacos.client.remote.worker] INFO  c.a.n.c.r.client - [printIfInfoEnabled,60] - [d84f6ebb-7452-4945-b644-8da5a631e386_config-0] Fail to connect server, after trying 3 times, last try server is {serverIp = 'localhost', server main port = 8848}, error = unknown
15:04:55.063 [com.alibaba.nacos.client.remote.worker] INFO  c.a.n.c.r.client - [printIfInfoEnabled,60] - [d84f6ebb-7452-4945-b644-8da5a631e386_config-0] Fail to connect server, after trying 4 times, last try server is {serverIp = 'localhost', server main port = 8848}, error = unknown
15:04:55.362 [main] INFO  c.c.CloudApiApplication - [logStartupProfileInfo,646] - The following 1 profile is active: "dev"
15:04:55.584 [com.alibaba.nacos.client.remote.worker] INFO  c.a.n.c.r.client - [printIfInfoEnabled,60] - [d84f6ebb-7452-4945-b644-8da5a631e386_config-0] Fail to connect server, after trying 5 times, last try server is {serverIp = 'localhost', server main port = 8848}, error = unknown
15:04:56.198 [com.alibaba.nacos.client.remote.worker] INFO  c.a.n.c.r.client - [printIfInfoEnabled,60] - [d84f6ebb-7452-4945-b644-8da5a631e386_config-0] Fail to connect server, after trying 6 times, last try server is {serverIp = 'localhost', server main port = 8848}, error = unknown
15:04:56.257 [main] INFO  o.a.c.h.Http11NioProtocol - [log,173] - Initializing ProtocolHandler ["http-nio-9321"]
15:04:56.258 [main] INFO  o.a.c.c.StandardService - [log,173] - Starting service [Tomcat]
15:04:56.258 [main] INFO  o.a.c.c.StandardEngine - [log,173] - Starting Servlet engine: [Apache Tomcat/9.0.62]
15:04:56.391 [main] INFO  o.a.c.c.C.[.[.[/] - [log,173] - Initializing Spring embedded WebApplicationContext
15:04:56.912 [com.alibaba.nacos.client.remote.worker] INFO  c.a.n.c.r.client - [printIfInfoEnabled,60] - [d84f6ebb-7452-4945-b644-8da5a631e386_config-0] Fail to connect server, after trying 7 times, last try server is {serverIp = 'localhost', server main port = 8848}, error = unknown
15:04:57.730 [com.alibaba.nacos.client.remote.worker] INFO  c.a.n.c.r.client - [printIfInfoEnabled,60] - [d84f6ebb-7452-4945-b644-8da5a631e386_config-0] Fail to connect server, after trying 8 times, last try server is {serverIp = 'localhost', server main port = 8848}, error = unknown
15:04:58.051 [main] INFO  c.a.n.c.r.client - [lambda$createClient$0,80] - [RpcClientFactory] create a new rpc client of 8c7cc7dc-b041-4542-b0c2-d8d8d805a625
15:04:58.051 [main] INFO  c.a.n.c.r.client - [printIfInfoEnabled,60] - [8c7cc7dc-b041-4542-b0c2-d8d8d805a625] RpcClient init label, labels = {module=naming, source=sdk}
15:04:58.053 [main] INFO  c.a.n.c.r.client - [printIfInfoEnabled,60] - [8c7cc7dc-b041-4542-b0c2-d8d8d805a625] RpcClient init, ServerListFactory = com.alibaba.nacos.client.naming.core.ServerListManager
15:04:58.053 [main] INFO  c.a.n.c.r.client - [printIfInfoEnabled,60] - [8c7cc7dc-b041-4542-b0c2-d8d8d805a625] Registry connection listener to current client:com.alibaba.nacos.client.naming.remote.gprc.redo.NamingGrpcRedoService
15:04:58.053 [main] INFO  c.a.n.c.r.client - [printIfInfoEnabled,60] - [8c7cc7dc-b041-4542-b0c2-d8d8d805a625] Register server push request handler:com.alibaba.nacos.client.naming.remote.gprc.NamingPushRequestHandler
15:04:58.053 [main] INFO  c.a.n.c.r.client - [printIfInfoEnabled,60] - [8c7cc7dc-b041-4542-b0c2-d8d8d805a625] Try to connect to server on start up, server: {serverIp = 'localhost', server main port = 8848}
15:04:58.060 [main] INFO  c.a.n.c.r.client - [printIfInfoEnabled,60] - [8c7cc7dc-b041-4542-b0c2-d8d8d805a625] Try to connect to server on start up, server: {serverIp = 'localhost', server main port = 8848}
15:04:58.065 [main] INFO  c.a.n.c.r.client - [printIfInfoEnabled,60] - [8c7cc7dc-b041-4542-b0c2-d8d8d805a625] Try to connect to server on start up, server: {serverIp = 'localhost', server main port = 8848}
15:04:58.069 [main] INFO  c.a.n.c.r.client - [printIfInfoEnabled,60] - [8c7cc7dc-b041-4542-b0c2-d8d8d805a625] Register server push request handler:com.alibaba.nacos.common.remote.client.RpcClient$ConnectResetRequestHandler
15:04:58.069 [com.alibaba.nacos.client.remote.worker] INFO  c.a.n.c.r.client - [printIfInfoEnabled,60] - [8c7cc7dc-b041-4542-b0c2-d8d8d805a625] Try to reconnect to a new server, server is  not appointed, will choose a random server.
15:04:58.070 [main] INFO  c.a.n.c.r.client - [printIfInfoEnabled,60] - [8c7cc7dc-b041-4542-b0c2-d8d8d805a625] Register server push request handler:com.alibaba.nacos.common.remote.client.RpcClient$$Lambda$459/0x00000008003e7440
15:04:58.192 [com.alibaba.nacos.client.remote.worker] INFO  c.a.n.c.r.client - [printIfInfoEnabled,60] - [8c7cc7dc-b041-4542-b0c2-d8d8d805a625] Fail to connect server, after trying 1 times, last try server is {serverIp = 'localhost', server main port = 8848}, error = unknown
15:04:58.403 [main] INFO  o.a.c.h.Http11NioProtocol - [log,173] - Starting ProtocolHandler ["http-nio-9321"]
15:04:58.417 [com.alibaba.nacos.client.remote.worker] INFO  c.a.n.c.r.client - [printIfInfoEnabled,60] - [8c7cc7dc-b041-4542-b0c2-d8d8d805a625] Fail to connect server, after trying 2 times, last try server is {serverIp = 'localhost', server main port = 8848}, error = unknown
15:04:58.638 [com.alibaba.nacos.client.remote.worker] INFO  c.a.n.c.r.client - [printIfInfoEnabled,60] - [d84f6ebb-7452-4945-b644-8da5a631e386_config-0] Fail to connect server, after trying 9 times, last try server is {serverIp = 'localhost', server main port = 8848}, error = unknown
15:04:58.736 [com.alibaba.nacos.client.remote.worker] INFO  c.a.n.c.r.client - [printIfInfoEnabled,60] - [8c7cc7dc-b041-4542-b0c2-d8d8d805a625] Fail to connect server, after trying 3 times, last try server is {serverIp = 'localhost', server main port = 8848}, error = unknown
15:04:59.154 [com.alibaba.nacos.client.remote.worker] INFO  c.a.n.c.r.client - [printIfInfoEnabled,60] - [8c7cc7dc-b041-4542-b0c2-d8d8d805a625] Fail to connect server, after trying 4 times, last try server is {serverIp = 'localhost', server main port = 8848}, error = unknown
15:04:59.416 [main] INFO  c.a.n.c.r.client - [shutdown,454] - Shutdown rpc client, set status to shutdown
15:04:59.417 [main] INFO  c.a.n.c.r.client - [shutdown,456] - Shutdown client event executor java.util.concurrent.ScheduledThreadPoolExecutor@3d1b43d8[Running, pool size = 2, active threads = 2, queued tasks = 0, completed tasks = 0]
15:04:59.417 [main] INFO  c.a.n.c.r.c.g.GrpcClient - [shutdown,85] - Shutdown grpc executor java.util.concurrent.ThreadPoolExecutor@9f52eb7[Running, pool size = 16, active threads = 0, queued tasks = 0, completed tasks = 16]
15:04:59.417 [com.alibaba.nacos.client.remote.worker] INFO  c.a.n.c.r.client - [printIfInfoEnabled,60] - [8c7cc7dc-b041-4542-b0c2-d8d8d805a625] Client is shutdown, stop reconnect to server
15:04:59.421 [main] INFO  c.a.n.c.r.client - [lambda$createClient$0,80] - [RpcClientFactory] create a new rpc client of 810a2511-55d5-41b0-b947-5cd7f0f5e72e
15:04:59.421 [main] INFO  c.a.n.c.r.client - [printIfInfoEnabled,60] - [810a2511-55d5-41b0-b947-5cd7f0f5e72e] RpcClient init label, labels = {module=naming, source=sdk}
15:04:59.421 [main] INFO  c.a.n.c.r.client - [printIfInfoEnabled,60] - [810a2511-55d5-41b0-b947-5cd7f0f5e72e] RpcClient init, ServerListFactory = com.alibaba.nacos.client.naming.core.ServerListManager
15:04:59.421 [main] INFO  c.a.n.c.r.client - [printIfInfoEnabled,60] - [810a2511-55d5-41b0-b947-5cd7f0f5e72e] Registry connection listener to current client:com.alibaba.nacos.client.naming.remote.gprc.redo.NamingGrpcRedoService
15:04:59.421 [main] INFO  c.a.n.c.r.client - [printIfInfoEnabled,60] - [810a2511-55d5-41b0-b947-5cd7f0f5e72e] Register server push request handler:com.alibaba.nacos.client.naming.remote.gprc.NamingPushRequestHandler
15:04:59.422 [main] INFO  c.a.n.c.r.client - [printIfInfoEnabled,60] - [810a2511-55d5-41b0-b947-5cd7f0f5e72e] Try to connect to server on start up, server: {serverIp = 'localhost', server main port = 8848}
15:04:59.429 [main] INFO  c.a.n.c.r.client - [printIfInfoEnabled,60] - [810a2511-55d5-41b0-b947-5cd7f0f5e72e] Try to connect to server on start up, server: {serverIp = 'localhost', server main port = 8848}
15:04:59.433 [main] INFO  c.a.n.c.r.client - [printIfInfoEnabled,60] - [810a2511-55d5-41b0-b947-5cd7f0f5e72e] Try to connect to server on start up, server: {serverIp = 'localhost', server main port = 8848}
15:04:59.437 [main] INFO  c.a.n.c.r.client - [printIfInfoEnabled,60] - [810a2511-55d5-41b0-b947-5cd7f0f5e72e] Register server push request handler:com.alibaba.nacos.common.remote.client.RpcClient$ConnectResetRequestHandler
15:04:59.437 [com.alibaba.nacos.client.remote.worker] INFO  c.a.n.c.r.client - [printIfInfoEnabled,60] - [810a2511-55d5-41b0-b947-5cd7f0f5e72e] Try to reconnect to a new server, server is  not appointed, will choose a random server.
15:04:59.437 [main] INFO  c.a.n.c.r.client - [printIfInfoEnabled,60] - [810a2511-55d5-41b0-b947-5cd7f0f5e72e] Register server push request handler:com.alibaba.nacos.common.remote.client.RpcClient$$Lambda$459/0x00000008003e7440
15:04:59.562 [com.alibaba.nacos.client.remote.worker] INFO  c.a.n.c.r.client - [printIfInfoEnabled,60] - [810a2511-55d5-41b0-b947-5cd7f0f5e72e] Fail to connect server, after trying 1 times, last try server is {serverIp = 'localhost', server main port = 8848}, error = unknown
15:04:59.648 [com.alibaba.nacos.client.remote.worker] INFO  c.a.n.c.r.client - [printIfInfoEnabled,60] - [d84f6ebb-7452-4945-b644-8da5a631e386_config-0] Fail to connect server, after trying 10 times, last try server is {serverIp = 'localhost', server main port = 8848}, error = unknown
15:04:59.774 [com.alibaba.nacos.client.remote.worker] INFO  c.a.n.c.r.client - [printIfInfoEnabled,60] - [810a2511-55d5-41b0-b947-5cd7f0f5e72e] Fail to connect server, after trying 2 times, last try server is {serverIp = 'localhost', server main port = 8848}, error = unknown
15:04:59.979 [main] INFO  o.a.c.h.Http11NioProtocol - [log,173] - Pausing ProtocolHandler ["http-nio-9321"]
15:04:59.980 [main] INFO  o.a.c.c.StandardService - [log,173] - Stopping service [Tomcat]
15:04:59.984 [main] INFO  o.a.c.h.Http11NioProtocol - [log,173] - Stopping ProtocolHandler ["http-nio-9321"]
15:04:59.986 [main] INFO  o.a.c.h.Http11NioProtocol - [log,173] - Destroying ProtocolHandler ["http-nio-9321"]
15:06:48.319 [main] INFO  c.a.n.c.r.client - [lambda$createClient$0,80] - [RpcClientFactory] create a new rpc client of 6fd8af56-0e68-429f-89d4-ca221b990485_config-0
15:06:48.368 [main] INFO  o.r.Reflections - [scan,232] - Reflections took 26 ms to scan 1 urls, producing 3 keys and 6 values 
15:06:48.397 [main] INFO  o.r.Reflections - [scan,232] - Reflections took 12 ms to scan 1 urls, producing 4 keys and 9 values 
15:06:48.412 [main] INFO  o.r.Reflections - [scan,232] - Reflections took 11 ms to scan 1 urls, producing 3 keys and 10 values 
15:06:48.428 [main] INFO  o.r.Reflections - [scan,232] - Reflections took 12 ms to scan 1 urls, producing 1 keys and 5 values 
15:06:48.442 [main] INFO  o.r.Reflections - [scan,232] - Reflections took 11 ms to scan 1 urls, producing 1 keys and 7 values 
15:06:48.456 [main] INFO  o.r.Reflections - [scan,232] - Reflections took 10 ms to scan 1 urls, producing 2 keys and 8 values 
15:06:48.460 [main] INFO  c.a.n.c.r.client - [printIfInfoEnabled,60] - [6fd8af56-0e68-429f-89d4-ca221b990485_config-0] RpcClient init label, labels = {module=config, Vipserver-Tag=null, source=sdk, Amory-Tag=null, Location-Tag=null, taskId=0, AppName=unknown}
15:06:48.461 [main] INFO  c.a.n.c.r.client - [printIfInfoEnabled,60] - [6fd8af56-0e68-429f-89d4-ca221b990485_config-0] Register server push request handler:com.alibaba.nacos.client.config.impl.ClientWorker$ConfigRpcTransportClient$$Lambda$444/0x000000080037f040
15:06:48.461 [main] INFO  c.a.n.c.r.client - [printIfInfoEnabled,60] - [6fd8af56-0e68-429f-89d4-ca221b990485_config-0] Register server push request handler:com.alibaba.nacos.client.config.impl.ClientWorker$ConfigRpcTransportClient$$Lambda$445/0x000000080037f440
15:06:48.462 [main] INFO  c.a.n.c.r.client - [printIfInfoEnabled,60] - [6fd8af56-0e68-429f-89d4-ca221b990485_config-0] Registry connection listener to current client:com.alibaba.nacos.client.config.impl.ClientWorker$ConfigRpcTransportClient$1
15:06:48.463 [main] INFO  c.a.n.c.r.client - [printIfInfoEnabled,60] - [6fd8af56-0e68-429f-89d4-ca221b990485_config-0] RpcClient init, ServerListFactory = com.alibaba.nacos.client.config.impl.ClientWorker$ConfigRpcTransportClient$2
15:06:48.473 [main] INFO  c.a.n.c.r.client - [printIfInfoEnabled,60] - [6fd8af56-0e68-429f-89d4-ca221b990485_config-0] Try to connect to server on start up, server: {serverIp = 'localhost', server main port = 8848}
15:06:50.353 [main] INFO  c.a.n.c.r.client - [printIfInfoEnabled,60] - [6fd8af56-0e68-429f-89d4-ca221b990485_config-0] Try to connect to server on start up, server: {serverIp = 'localhost', server main port = 8848}
15:06:50.364 [main] INFO  c.a.n.c.r.client - [printIfInfoEnabled,60] - [6fd8af56-0e68-429f-89d4-ca221b990485_config-0] Try to connect to server on start up, server: {serverIp = 'localhost', server main port = 8848}
15:06:50.373 [com.alibaba.nacos.client.remote.worker] INFO  c.a.n.c.r.client - [printIfInfoEnabled,60] - [6fd8af56-0e68-429f-89d4-ca221b990485_config-0] Try to reconnect to a new server, server is  not appointed, will choose a random server.
15:06:50.373 [main] INFO  c.a.n.c.r.client - [printIfInfoEnabled,60] - [6fd8af56-0e68-429f-89d4-ca221b990485_config-0] Register server push request handler:com.alibaba.nacos.common.remote.client.RpcClient$ConnectResetRequestHandler
15:06:50.374 [main] INFO  c.a.n.c.r.client - [printIfInfoEnabled,60] - [6fd8af56-0e68-429f-89d4-ca221b990485_config-0] Register server push request handler:com.alibaba.nacos.common.remote.client.RpcClient$$Lambda$459/0x00000008003eec40
15:06:50.507 [com.alibaba.nacos.client.remote.worker] INFO  c.a.n.c.r.client - [printIfInfoEnabled,60] - [6fd8af56-0e68-429f-89d4-ca221b990485_config-0] Fail to connect server, after trying 1 times, last try server is {serverIp = 'localhost', server main port = 8848}, error = unknown
15:06:50.723 [com.alibaba.nacos.client.remote.worker] INFO  c.a.n.c.r.client - [printIfInfoEnabled,60] - [6fd8af56-0e68-429f-89d4-ca221b990485_config-0] Fail to connect server, after trying 2 times, last try server is {serverIp = 'localhost', server main port = 8848}, error = unknown
15:06:51.048 [com.alibaba.nacos.client.remote.worker] INFO  c.a.n.c.r.client - [printIfInfoEnabled,60] - [6fd8af56-0e68-429f-89d4-ca221b990485_config-0] Fail to connect server, after trying 3 times, last try server is {serverIp = 'localhost', server main port = 8848}, error = unknown
15:06:51.469 [com.alibaba.nacos.client.remote.worker] INFO  c.a.n.c.r.client - [printIfInfoEnabled,60] - [6fd8af56-0e68-429f-89d4-ca221b990485_config-0] Fail to connect server, after trying 4 times, last try server is {serverIp = 'localhost', server main port = 8848}, error = unknown
15:06:51.784 [main] INFO  c.c.CloudApiApplication - [logStartupProfileInfo,646] - The following 1 profile is active: "dev"
15:06:51.986 [com.alibaba.nacos.client.remote.worker] INFO  c.a.n.c.r.client - [printIfInfoEnabled,60] - [6fd8af56-0e68-429f-89d4-ca221b990485_config-0] Fail to connect server, after trying 5 times, last try server is {serverIp = 'localhost', server main port = 8848}, error = unknown
15:06:52.599 [com.alibaba.nacos.client.remote.worker] INFO  c.a.n.c.r.client - [printIfInfoEnabled,60] - [6fd8af56-0e68-429f-89d4-ca221b990485_config-0] Fail to connect server, after trying 6 times, last try server is {serverIp = 'localhost', server main port = 8848}, error = unknown
15:06:53.011 [main] INFO  o.a.c.h.Http11NioProtocol - [log,173] - Initializing ProtocolHandler ["http-nio-9321"]
15:06:53.011 [main] INFO  o.a.c.c.StandardService - [log,173] - Starting service [Tomcat]
15:06:53.012 [main] INFO  o.a.c.c.StandardEngine - [log,173] - Starting Servlet engine: [Apache Tomcat/9.0.62]
15:06:53.162 [main] INFO  o.a.c.c.C.[.[.[/] - [log,173] - Initializing Spring embedded WebApplicationContext
15:06:53.309 [com.alibaba.nacos.client.remote.worker] INFO  c.a.n.c.r.client - [printIfInfoEnabled,60] - [6fd8af56-0e68-429f-89d4-ca221b990485_config-0] Fail to connect server, after trying 7 times, last try server is {serverIp = 'localhost', server main port = 8848}, error = unknown
15:06:54.123 [com.alibaba.nacos.client.remote.worker] INFO  c.a.n.c.r.client - [printIfInfoEnabled,60] - [6fd8af56-0e68-429f-89d4-ca221b990485_config-0] Fail to connect server, after trying 8 times, last try server is {serverIp = 'localhost', server main port = 8848}, error = unknown
15:06:54.880 [main] INFO  c.a.n.c.r.client - [lambda$createClient$0,80] - [RpcClientFactory] create a new rpc client of e812abc6-19ac-44b0-a92f-497bf5f2c14b
15:06:54.881 [main] INFO  c.a.n.c.r.client - [printIfInfoEnabled,60] - [e812abc6-19ac-44b0-a92f-497bf5f2c14b] RpcClient init label, labels = {module=naming, source=sdk}
15:06:54.881 [main] INFO  c.a.n.c.r.client - [printIfInfoEnabled,60] - [e812abc6-19ac-44b0-a92f-497bf5f2c14b] RpcClient init, ServerListFactory = com.alibaba.nacos.client.naming.core.ServerListManager
15:06:54.881 [main] INFO  c.a.n.c.r.client - [printIfInfoEnabled,60] - [e812abc6-19ac-44b0-a92f-497bf5f2c14b] Registry connection listener to current client:com.alibaba.nacos.client.naming.remote.gprc.redo.NamingGrpcRedoService
15:06:54.881 [main] INFO  c.a.n.c.r.client - [printIfInfoEnabled,60] - [e812abc6-19ac-44b0-a92f-497bf5f2c14b] Register server push request handler:com.alibaba.nacos.client.naming.remote.gprc.NamingPushRequestHandler
15:06:54.883 [main] INFO  c.a.n.c.r.client - [printIfInfoEnabled,60] - [e812abc6-19ac-44b0-a92f-497bf5f2c14b] Try to connect to server on start up, server: {serverIp = 'localhost', server main port = 8848}
15:06:54.887 [main] INFO  c.a.n.c.r.client - [printIfInfoEnabled,60] - [e812abc6-19ac-44b0-a92f-497bf5f2c14b] Try to connect to server on start up, server: {serverIp = 'localhost', server main port = 8848}
15:06:54.889 [main] INFO  c.a.n.c.r.client - [printIfInfoEnabled,60] - [e812abc6-19ac-44b0-a92f-497bf5f2c14b] Try to connect to server on start up, server: {serverIp = 'localhost', server main port = 8848}
15:06:54.893 [main] INFO  c.a.n.c.r.client - [printIfInfoEnabled,60] - [e812abc6-19ac-44b0-a92f-497bf5f2c14b] Register server push request handler:com.alibaba.nacos.common.remote.client.RpcClient$ConnectResetRequestHandler
15:06:54.894 [com.alibaba.nacos.client.remote.worker] INFO  c.a.n.c.r.client - [printIfInfoEnabled,60] - [e812abc6-19ac-44b0-a92f-497bf5f2c14b] Try to reconnect to a new server, server is  not appointed, will choose a random server.
15:06:54.894 [main] INFO  c.a.n.c.r.client - [printIfInfoEnabled,60] - [e812abc6-19ac-44b0-a92f-497bf5f2c14b] Register server push request handler:com.alibaba.nacos.common.remote.client.RpcClient$$Lambda$459/0x00000008003eec40
15:06:55.011 [com.alibaba.nacos.client.remote.worker] INFO  c.a.n.c.r.client - [printIfInfoEnabled,60] - [e812abc6-19ac-44b0-a92f-497bf5f2c14b] Fail to connect server, after trying 1 times, last try server is {serverIp = 'localhost', server main port = 8848}, error = unknown
15:06:55.041 [com.alibaba.nacos.client.remote.worker] INFO  c.a.n.c.r.client - [printIfInfoEnabled,60] - [6fd8af56-0e68-429f-89d4-ca221b990485_config-0] Fail to connect server, after trying 9 times, last try server is {serverIp = 'localhost', server main port = 8848}, error = unknown
15:06:55.218 [main] INFO  o.a.c.h.Http11NioProtocol - [log,173] - Starting ProtocolHandler ["http-nio-9321"]
15:06:55.221 [com.alibaba.nacos.client.remote.worker] INFO  c.a.n.c.r.client - [printIfInfoEnabled,60] - [e812abc6-19ac-44b0-a92f-497bf5f2c14b] Fail to connect server, after trying 2 times, last try server is {serverIp = 'localhost', server main port = 8848}, error = unknown
15:06:55.538 [com.alibaba.nacos.client.remote.worker] INFO  c.a.n.c.r.client - [printIfInfoEnabled,60] - [e812abc6-19ac-44b0-a92f-497bf5f2c14b] Fail to connect server, after trying 3 times, last try server is {serverIp = 'localhost', server main port = 8848}, error = unknown
15:06:55.952 [com.alibaba.nacos.client.remote.worker] INFO  c.a.n.c.r.client - [printIfInfoEnabled,60] - [e812abc6-19ac-44b0-a92f-497bf5f2c14b] Fail to connect server, after trying 4 times, last try server is {serverIp = 'localhost', server main port = 8848}, error = unknown
15:06:56.060 [com.alibaba.nacos.client.remote.worker] INFO  c.a.n.c.r.client - [printIfInfoEnabled,60] - [6fd8af56-0e68-429f-89d4-ca221b990485_config-0] Fail to connect server, after trying 10 times, last try server is {serverIp = 'localhost', server main port = 8848}, error = unknown
15:06:56.236 [main] INFO  c.a.n.c.r.client - [shutdown,454] - Shutdown rpc client, set status to shutdown
15:06:56.237 [main] INFO  c.a.n.c.r.client - [shutdown,456] - Shutdown client event executor java.util.concurrent.ScheduledThreadPoolExecutor@69ed96e1[Running, pool size = 2, active threads = 2, queued tasks = 0, completed tasks = 0]
15:06:56.237 [main] INFO  c.a.n.c.r.c.g.GrpcClient - [shutdown,85] - Shutdown grpc executor java.util.concurrent.ThreadPoolExecutor@61648dd2[Running, pool size = 16, active threads = 0, queued tasks = 0, completed tasks = 16]
15:06:56.237 [com.alibaba.nacos.client.remote.worker] INFO  c.a.n.c.r.client - [printIfInfoEnabled,60] - [e812abc6-19ac-44b0-a92f-497bf5f2c14b] Client is shutdown, stop reconnect to server
15:06:56.243 [main] INFO  c.a.n.c.r.client - [lambda$createClient$0,80] - [RpcClientFactory] create a new rpc client of bfa4997b-9b4c-4668-97ad-e66fe83ad3ef
15:06:56.244 [main] INFO  c.a.n.c.r.client - [printIfInfoEnabled,60] - [bfa4997b-9b4c-4668-97ad-e66fe83ad3ef] RpcClient init label, labels = {module=naming, source=sdk}
15:06:56.244 [main] INFO  c.a.n.c.r.client - [printIfInfoEnabled,60] - [bfa4997b-9b4c-4668-97ad-e66fe83ad3ef] RpcClient init, ServerListFactory = com.alibaba.nacos.client.naming.core.ServerListManager
15:06:56.244 [main] INFO  c.a.n.c.r.client - [printIfInfoEnabled,60] - [bfa4997b-9b4c-4668-97ad-e66fe83ad3ef] Registry connection listener to current client:com.alibaba.nacos.client.naming.remote.gprc.redo.NamingGrpcRedoService
15:06:56.244 [main] INFO  c.a.n.c.r.client - [printIfInfoEnabled,60] - [bfa4997b-9b4c-4668-97ad-e66fe83ad3ef] Register server push request handler:com.alibaba.nacos.client.naming.remote.gprc.NamingPushRequestHandler
15:06:56.245 [main] INFO  c.a.n.c.r.client - [printIfInfoEnabled,60] - [bfa4997b-9b4c-4668-97ad-e66fe83ad3ef] Try to connect to server on start up, server: {serverIp = 'localhost', server main port = 8848}
15:06:56.252 [main] INFO  c.a.n.c.r.client - [printIfInfoEnabled,60] - [bfa4997b-9b4c-4668-97ad-e66fe83ad3ef] Try to connect to server on start up, server: {serverIp = 'localhost', server main port = 8848}
15:06:56.257 [main] INFO  c.a.n.c.r.client - [printIfInfoEnabled,60] - [bfa4997b-9b4c-4668-97ad-e66fe83ad3ef] Try to connect to server on start up, server: {serverIp = 'localhost', server main port = 8848}
15:06:56.264 [main] INFO  c.a.n.c.r.client - [printIfInfoEnabled,60] - [bfa4997b-9b4c-4668-97ad-e66fe83ad3ef] Register server push request handler:com.alibaba.nacos.common.remote.client.RpcClient$ConnectResetRequestHandler
15:06:56.264 [com.alibaba.nacos.client.remote.worker] INFO  c.a.n.c.r.client - [printIfInfoEnabled,60] - [bfa4997b-9b4c-4668-97ad-e66fe83ad3ef] Try to reconnect to a new server, server is  not appointed, will choose a random server.
15:06:56.264 [main] INFO  c.a.n.c.r.client - [printIfInfoEnabled,60] - [bfa4997b-9b4c-4668-97ad-e66fe83ad3ef] Register server push request handler:com.alibaba.nacos.common.remote.client.RpcClient$$Lambda$459/0x00000008003eec40
15:06:56.391 [com.alibaba.nacos.client.remote.worker] INFO  c.a.n.c.r.client - [printIfInfoEnabled,60] - [bfa4997b-9b4c-4668-97ad-e66fe83ad3ef] Fail to connect server, after trying 1 times, last try server is {serverIp = 'localhost', server main port = 8848}, error = unknown
15:06:56.784 [com.alibaba.nacos.client.remote.worker] INFO  c.a.n.c.r.client - [printIfInfoEnabled,60] - [bfa4997b-9b4c-4668-97ad-e66fe83ad3ef] Fail to connect server, after trying 2 times, last try server is {serverIp = 'localhost', server main port = 8848}, error = unknown
15:06:57.093 [com.alibaba.nacos.client.remote.worker] INFO  c.a.n.c.r.client - [printIfInfoEnabled,60] - [bfa4997b-9b4c-4668-97ad-e66fe83ad3ef] Fail to connect server, after trying 3 times, last try server is {serverIp = 'localhost', server main port = 8848}, error = unknown
15:06:57.139 [main] INFO  o.a.c.h.Http11NioProtocol - [log,173] - Pausing ProtocolHandler ["http-nio-9321"]
15:06:57.139 [main] INFO  o.a.c.c.StandardService - [log,173] - Stopping service [Tomcat]
15:06:57.147 [main] INFO  o.a.c.h.Http11NioProtocol - [log,173] - Stopping ProtocolHandler ["http-nio-9321"]
15:06:57.151 [main] INFO  o.a.c.h.Http11NioProtocol - [log,173] - Destroying ProtocolHandler ["http-nio-9321"]
15:06:57.169 [com.alibaba.nacos.client.remote.worker] INFO  c.a.n.c.r.client - [printIfInfoEnabled,60] - [6fd8af56-0e68-429f-89d4-ca221b990485_config-0] Fail to connect server, after trying 11 times, last try server is {serverIp = 'localhost', server main port = 8848}, error = unknown
15:07:44.127 [main] INFO  c.a.n.c.r.client - [lambda$createClient$0,80] - [RpcClientFactory] create a new rpc client of 2d85092e-42a1-4d9a-9080-5203ec75bd1d_config-0
15:07:44.170 [main] INFO  o.r.Reflections - [scan,232] - Reflections took 28 ms to scan 1 urls, producing 3 keys and 6 values 
15:07:44.201 [main] INFO  o.r.Reflections - [scan,232] - Reflections took 11 ms to scan 1 urls, producing 4 keys and 9 values 
15:07:44.212 [main] INFO  o.r.Reflections - [scan,232] - Reflections took 7 ms to scan 1 urls, producing 3 keys and 10 values 
15:07:44.227 [main] INFO  o.r.Reflections - [scan,232] - Reflections took 10 ms to scan 1 urls, producing 1 keys and 5 values 
15:07:44.241 [main] INFO  o.r.Reflections - [scan,232] - Reflections took 9 ms to scan 1 urls, producing 1 keys and 7 values 
15:07:44.266 [main] INFO  o.r.Reflections - [scan,232] - Reflections took 10 ms to scan 1 urls, producing 2 keys and 8 values 
15:07:44.269 [main] INFO  c.a.n.c.r.client - [printIfInfoEnabled,60] - [2d85092e-42a1-4d9a-9080-5203ec75bd1d_config-0] RpcClient init label, labels = {module=config, Vipserver-Tag=null, source=sdk, Amory-Tag=null, Location-Tag=null, taskId=0, AppName=unknown}
15:07:44.269 [main] INFO  c.a.n.c.r.client - [printIfInfoEnabled,60] - [2d85092e-42a1-4d9a-9080-5203ec75bd1d_config-0] Register server push request handler:com.alibaba.nacos.client.config.impl.ClientWorker$ConfigRpcTransportClient$$Lambda$444/0x000000080037f040
15:07:44.270 [main] INFO  c.a.n.c.r.client - [printIfInfoEnabled,60] - [2d85092e-42a1-4d9a-9080-5203ec75bd1d_config-0] Register server push request handler:com.alibaba.nacos.client.config.impl.ClientWorker$ConfigRpcTransportClient$$Lambda$445/0x000000080037f440
15:07:44.270 [main] INFO  c.a.n.c.r.client - [printIfInfoEnabled,60] - [2d85092e-42a1-4d9a-9080-5203ec75bd1d_config-0] Registry connection listener to current client:com.alibaba.nacos.client.config.impl.ClientWorker$ConfigRpcTransportClient$1
15:07:44.271 [main] INFO  c.a.n.c.r.client - [printIfInfoEnabled,60] - [2d85092e-42a1-4d9a-9080-5203ec75bd1d_config-0] RpcClient init, ServerListFactory = com.alibaba.nacos.client.config.impl.ClientWorker$ConfigRpcTransportClient$2
15:07:44.280 [main] INFO  c.a.n.c.r.client - [printIfInfoEnabled,60] - [2d85092e-42a1-4d9a-9080-5203ec75bd1d_config-0] Try to connect to server on start up, server: {serverIp = 'localhost', server main port = 8848}
15:07:45.701 [main] INFO  c.a.n.c.r.client - [printIfInfoEnabled,60] - [2d85092e-42a1-4d9a-9080-5203ec75bd1d_config-0] Success to connect to server [localhost:8848] on start up, connectionId = 1747033665484_127.0.0.1_60510
15:07:45.701 [com.alibaba.nacos.client.remote.worker] INFO  c.a.n.c.r.client - [printIfInfoEnabled,60] - [2d85092e-42a1-4d9a-9080-5203ec75bd1d_config-0] Notify connected event to listeners.
15:07:45.702 [main] INFO  c.a.n.c.r.client - [printIfInfoEnabled,60] - [2d85092e-42a1-4d9a-9080-5203ec75bd1d_config-0] Register server push request handler:com.alibaba.nacos.common.remote.client.RpcClient$ConnectResetRequestHandler
15:07:45.704 [main] INFO  c.a.n.c.r.client - [printIfInfoEnabled,60] - [2d85092e-42a1-4d9a-9080-5203ec75bd1d_config-0] Register server push request handler:com.alibaba.nacos.common.remote.client.RpcClient$$Lambda$459/0x00000008003c5840
15:07:45.794 [main] INFO  c.c.CloudUserApplication - [logStartupProfileInfo,646] - The following 1 profile is active: "dev"
15:07:46.629 [main] INFO  c.a.n.c.r.client - [lambda$createClient$0,80] - [RpcClientFactory] create a new rpc client of 29f5dbff-7d96-47e7-9375-12d9f600f5f1_config-0
15:07:46.654 [main] INFO  o.r.Reflections - [scan,232] - Reflections took 13 ms to scan 1 urls, producing 3 keys and 6 values 
15:07:46.696 [main] INFO  o.r.Reflections - [scan,232] - Reflections took 8 ms to scan 1 urls, producing 4 keys and 9 values 
15:07:46.704 [main] INFO  o.r.Reflections - [scan,232] - Reflections took 6 ms to scan 1 urls, producing 3 keys and 10 values 
15:07:46.712 [main] INFO  o.r.Reflections - [scan,232] - Reflections took 4 ms to scan 1 urls, producing 1 keys and 5 values 
15:07:46.721 [main] INFO  o.r.Reflections - [scan,232] - Reflections took 8 ms to scan 1 urls, producing 1 keys and 7 values 
15:07:46.727 [main] INFO  o.a.c.h.Http11NioProtocol - [log,173] - Initializing ProtocolHandler ["http-nio-9324"]
15:07:46.727 [main] INFO  o.a.c.c.StandardService - [log,173] - Starting service [Tomcat]
15:07:46.727 [main] INFO  o.a.c.c.StandardEngine - [log,173] - Starting Servlet engine: [Apache Tomcat/9.0.62]
15:07:46.730 [main] INFO  o.r.Reflections - [scan,232] - Reflections took 8 ms to scan 1 urls, producing 2 keys and 8 values 
15:07:46.732 [main] INFO  c.a.n.c.r.client - [printIfInfoEnabled,60] - [29f5dbff-7d96-47e7-9375-12d9f600f5f1_config-0] RpcClient init label, labels = {module=config, Vipserver-Tag=null, source=sdk, Amory-Tag=null, Location-Tag=null, taskId=0, AppName=unknown}
15:07:46.732 [main] INFO  c.a.n.c.r.client - [printIfInfoEnabled,60] - [29f5dbff-7d96-47e7-9375-12d9f600f5f1_config-0] Register server push request handler:com.alibaba.nacos.client.config.impl.ClientWorker$ConfigRpcTransportClient$$Lambda$444/0x000000080037f040
15:07:46.732 [main] INFO  c.a.n.c.r.client - [printIfInfoEnabled,60] - [29f5dbff-7d96-47e7-9375-12d9f600f5f1_config-0] Register server push request handler:com.alibaba.nacos.client.config.impl.ClientWorker$ConfigRpcTransportClient$$Lambda$445/0x000000080037f440
15:07:46.734 [main] INFO  c.a.n.c.r.client - [printIfInfoEnabled,60] - [29f5dbff-7d96-47e7-9375-12d9f600f5f1_config-0] Registry connection listener to current client:com.alibaba.nacos.client.config.impl.ClientWorker$ConfigRpcTransportClient$1
15:07:46.734 [main] INFO  c.a.n.c.r.client - [printIfInfoEnabled,60] - [29f5dbff-7d96-47e7-9375-12d9f600f5f1_config-0] RpcClient init, ServerListFactory = com.alibaba.nacos.client.config.impl.ClientWorker$ConfigRpcTransportClient$2
15:07:46.740 [main] INFO  c.a.n.c.r.client - [printIfInfoEnabled,60] - [29f5dbff-7d96-47e7-9375-12d9f600f5f1_config-0] Try to connect to server on start up, server: {serverIp = 'localhost', server main port = 8848}
15:07:46.849 [main] INFO  o.a.c.c.C.[.[.[/] - [log,173] - Initializing Spring embedded WebApplicationContext
15:07:48.269 [main] INFO  c.a.n.c.r.client - [printIfInfoEnabled,60] - [29f5dbff-7d96-47e7-9375-12d9f600f5f1_config-0] Success to connect to server [localhost:8848] on start up, connectionId = 1747033668073_127.0.0.1_60595
15:07:48.270 [main] INFO  c.a.n.c.r.client - [printIfInfoEnabled,60] - [29f5dbff-7d96-47e7-9375-12d9f600f5f1_config-0] Register server push request handler:com.alibaba.nacos.common.remote.client.RpcClient$ConnectResetRequestHandler
15:07:48.269 [com.alibaba.nacos.client.remote.worker] INFO  c.a.n.c.r.client - [printIfInfoEnabled,60] - [29f5dbff-7d96-47e7-9375-12d9f600f5f1_config-0] Notify connected event to listeners.
15:07:48.270 [main] INFO  c.a.n.c.r.client - [printIfInfoEnabled,60] - [29f5dbff-7d96-47e7-9375-12d9f600f5f1_config-0] Register server push request handler:com.alibaba.nacos.common.remote.client.RpcClient$$Lambda$459/0x00000008003ee840
15:07:48.387 [main] INFO  c.c.CloudApiApplication - [logStartupProfileInfo,646] - The following 1 profile is active: "dev"
15:07:48.747 [main] INFO  c.a.n.c.r.client - [lambda$createClient$0,80] - [RpcClientFactory] create a new rpc client of b39e3f81-18f8-4888-9ecf-6b6829eea76c
15:07:48.748 [main] INFO  c.a.n.c.r.client - [printIfInfoEnabled,60] - [b39e3f81-18f8-4888-9ecf-6b6829eea76c] RpcClient init label, labels = {module=naming, source=sdk}
15:07:48.749 [main] INFO  c.a.n.c.r.client - [printIfInfoEnabled,60] - [b39e3f81-18f8-4888-9ecf-6b6829eea76c] RpcClient init, ServerListFactory = com.alibaba.nacos.client.naming.core.ServerListManager
15:07:48.749 [main] INFO  c.a.n.c.r.client - [printIfInfoEnabled,60] - [b39e3f81-18f8-4888-9ecf-6b6829eea76c] Registry connection listener to current client:com.alibaba.nacos.client.naming.remote.gprc.redo.NamingGrpcRedoService
15:07:48.749 [main] INFO  c.a.n.c.r.client - [printIfInfoEnabled,60] - [b39e3f81-18f8-4888-9ecf-6b6829eea76c] Register server push request handler:com.alibaba.nacos.client.naming.remote.gprc.NamingPushRequestHandler
15:07:48.750 [main] INFO  c.a.n.c.r.client - [printIfInfoEnabled,60] - [b39e3f81-18f8-4888-9ecf-6b6829eea76c] Try to connect to server on start up, server: {serverIp = 'localhost', server main port = 8848}
15:07:48.878 [main] INFO  c.a.n.c.r.client - [printIfInfoEnabled,60] - [b39e3f81-18f8-4888-9ecf-6b6829eea76c] Success to connect to server [localhost:8848] on start up, connectionId = 1747033668762_127.0.0.1_60600
15:07:48.878 [main] INFO  c.a.n.c.r.client - [printIfInfoEnabled,60] - [b39e3f81-18f8-4888-9ecf-6b6829eea76c] Register server push request handler:com.alibaba.nacos.common.remote.client.RpcClient$ConnectResetRequestHandler
15:07:48.878 [main] INFO  c.a.n.c.r.client - [printIfInfoEnabled,60] - [b39e3f81-18f8-4888-9ecf-6b6829eea76c] Register server push request handler:com.alibaba.nacos.common.remote.client.RpcClient$$Lambda$459/0x00000008003c5840
15:07:48.878 [com.alibaba.nacos.client.remote.worker] INFO  c.a.n.c.r.client - [printIfInfoEnabled,60] - [b39e3f81-18f8-4888-9ecf-6b6829eea76c] Notify connected event to listeners.
15:07:48.937 [main] INFO  o.a.c.h.Http11NioProtocol - [log,173] - Starting ProtocolHandler ["http-nio-9324"]
15:07:48.967 [main] INFO  c.a.c.n.r.NacosServiceRegistry - [register,75] - nacos registry, DEFAULT_GROUP cloud-user 172.16.90.73:9324 register finished
15:07:49.339 [main] INFO  c.c.CloudUserApplication - [logStarted,61] - Started CloudUserApplication in 6.677 seconds (JVM running for 7.545)
15:07:49.346 [main] INFO  c.a.c.n.r.NacosContextRefresher - [registerNacosListenersForApplications,105] - listening config: dataId=cloud-user, group=DEFAULT_GROUP
15:07:49.348 [main] INFO  c.a.c.n.r.NacosContextRefresher - [registerNacosListenersForApplications,105] - listening config: dataId=cloud-user.yml, group=DEFAULT_GROUP
15:07:49.348 [main] INFO  c.a.c.n.r.NacosContextRefresher - [registerNacosListenersForApplications,105] - listening config: dataId=cloud-user-dev.yml, group=DEFAULT_GROUP
15:07:49.379 [scheduling-1] INFO  c.z.h.HikariDataSource - [getConnection,110] - HikariPool-1 - Starting...
15:07:49.455 [main] INFO  o.a.c.h.Http11NioProtocol - [log,173] - Initializing ProtocolHandler ["http-nio-9321"]
15:07:49.455 [main] INFO  o.a.c.c.StandardService - [log,173] - Starting service [Tomcat]
15:07:49.455 [main] INFO  o.a.c.c.StandardEngine - [log,173] - Starting Servlet engine: [Apache Tomcat/9.0.62]
15:07:49.600 [main] INFO  o.a.c.c.C.[.[.[/] - [log,173] - Initializing Spring embedded WebApplicationContext
15:07:49.861 [nacos-grpc-client-executor-8] INFO  c.a.n.c.r.client - [printIfInfoEnabled,60] - [b39e3f81-18f8-4888-9ecf-6b6829eea76c] Receive server push request, request = NotifySubscriberRequest, requestId = 1
15:07:49.861 [scheduling-1] INFO  c.z.h.HikariDataSource - [getConnection,123] - HikariPool-1 - Start completed.
15:07:49.866 [nacos-grpc-client-executor-8] INFO  c.a.n.c.r.client - [printIfInfoEnabled,60] - [b39e3f81-18f8-4888-9ecf-6b6829eea76c] Ack server push request, request = NotifySubscriberRequest, requestId = 1
15:07:49.996 [main] INFO  c.a.n.c.r.client - [lambda$createClient$0,80] - [RpcClientFactory] create a new rpc client of 1f52c7b7-bfb1-49bc-b41d-d769e44b4072_config-0
15:07:50.023 [main] INFO  o.r.Reflections - [scan,232] - Reflections took 14 ms to scan 1 urls, producing 3 keys and 6 values 
15:07:50.038 [main] INFO  o.r.Reflections - [scan,232] - Reflections took 5 ms to scan 1 urls, producing 4 keys and 9 values 
15:07:50.048 [main] INFO  o.r.Reflections - [scan,232] - Reflections took 8 ms to scan 1 urls, producing 3 keys and 10 values 
15:07:50.058 [main] INFO  o.r.Reflections - [scan,232] - Reflections took 6 ms to scan 1 urls, producing 1 keys and 5 values 
15:07:50.070 [main] INFO  o.r.Reflections - [scan,232] - Reflections took 10 ms to scan 1 urls, producing 1 keys and 7 values 
15:07:50.076 [main] INFO  o.r.Reflections - [scan,232] - Reflections took 5 ms to scan 1 urls, producing 2 keys and 8 values 
15:07:50.079 [main] INFO  c.a.n.c.r.client - [printIfInfoEnabled,60] - [1f52c7b7-bfb1-49bc-b41d-d769e44b4072_config-0] RpcClient init label, labels = {module=config, Vipserver-Tag=null, source=sdk, Amory-Tag=null, Location-Tag=null, taskId=0, AppName=unknown}
15:07:50.079 [main] INFO  c.a.n.c.r.client - [printIfInfoEnabled,60] - [1f52c7b7-bfb1-49bc-b41d-d769e44b4072_config-0] Register server push request handler:com.alibaba.nacos.client.config.impl.ClientWorker$ConfigRpcTransportClient$$Lambda$444/0x000000080037fc40
15:07:50.079 [main] INFO  c.a.n.c.r.client - [printIfInfoEnabled,60] - [1f52c7b7-bfb1-49bc-b41d-d769e44b4072_config-0] Register server push request handler:com.alibaba.nacos.client.config.impl.ClientWorker$ConfigRpcTransportClient$$Lambda$445/0x000000080037f040
15:07:50.079 [main] INFO  c.a.n.c.r.client - [printIfInfoEnabled,60] - [1f52c7b7-bfb1-49bc-b41d-d769e44b4072_config-0] Registry connection listener to current client:com.alibaba.nacos.client.config.impl.ClientWorker$ConfigRpcTransportClient$1
15:07:50.081 [main] INFO  c.a.n.c.r.client - [printIfInfoEnabled,60] - [1f52c7b7-bfb1-49bc-b41d-d769e44b4072_config-0] RpcClient init, ServerListFactory = com.alibaba.nacos.client.config.impl.ClientWorker$ConfigRpcTransportClient$2
15:07:50.085 [main] INFO  c.a.n.c.r.client - [printIfInfoEnabled,60] - [1f52c7b7-bfb1-49bc-b41d-d769e44b4072_config-0] Try to connect to server on start up, server: {serverIp = 'localhost', server main port = 8848}
15:07:51.482 [main] INFO  c.a.n.c.r.client - [lambda$createClient$0,80] - [RpcClientFactory] create a new rpc client of 73ff3691-6866-402b-bb37-db99ae44e2de
15:07:51.482 [main] INFO  c.a.n.c.r.client - [printIfInfoEnabled,60] - [73ff3691-6866-402b-bb37-db99ae44e2de] RpcClient init label, labels = {module=naming, source=sdk}
15:07:51.483 [main] INFO  c.a.n.c.r.client - [printIfInfoEnabled,60] - [73ff3691-6866-402b-bb37-db99ae44e2de] RpcClient init, ServerListFactory = com.alibaba.nacos.client.naming.core.ServerListManager
15:07:51.483 [main] INFO  c.a.n.c.r.client - [printIfInfoEnabled,60] - [73ff3691-6866-402b-bb37-db99ae44e2de] Registry connection listener to current client:com.alibaba.nacos.client.naming.remote.gprc.redo.NamingGrpcRedoService
15:07:51.484 [main] INFO  c.a.n.c.r.client - [printIfInfoEnabled,60] - [73ff3691-6866-402b-bb37-db99ae44e2de] Register server push request handler:com.alibaba.nacos.client.naming.remote.gprc.NamingPushRequestHandler
15:07:51.484 [main] INFO  c.a.n.c.r.client - [printIfInfoEnabled,60] - [73ff3691-6866-402b-bb37-db99ae44e2de] Try to connect to server on start up, server: {serverIp = 'localhost', server main port = 8848}
15:07:51.518 [main] INFO  c.a.n.c.r.client - [printIfInfoEnabled,60] - [1f52c7b7-bfb1-49bc-b41d-d769e44b4072_config-0] Success to connect to server [localhost:8848] on start up, connectionId = 1747033671342_127.0.0.1_60689
15:07:51.518 [com.alibaba.nacos.client.remote.worker] INFO  c.a.n.c.r.client - [printIfInfoEnabled,60] - [1f52c7b7-bfb1-49bc-b41d-d769e44b4072_config-0] Notify connected event to listeners.
15:07:51.520 [main] INFO  c.a.n.c.r.client - [printIfInfoEnabled,60] - [1f52c7b7-bfb1-49bc-b41d-d769e44b4072_config-0] Register server push request handler:com.alibaba.nacos.common.remote.client.RpcClient$ConnectResetRequestHandler
15:07:51.521 [main] INFO  c.a.n.c.r.client - [printIfInfoEnabled,60] - [1f52c7b7-bfb1-49bc-b41d-d769e44b4072_config-0] Register server push request handler:com.alibaba.nacos.common.remote.client.RpcClient$$Lambda$459/0x00000008003eec40
15:07:51.575 [main] INFO  c.c.CloudLogisticsApplication - [logStartupProfileInfo,646] - The following 1 profile is active: "dev"
15:07:51.612 [main] INFO  c.a.n.c.r.client - [printIfInfoEnabled,60] - [73ff3691-6866-402b-bb37-db99ae44e2de] Success to connect to server [localhost:8848] on start up, connectionId = 1747033671491_127.0.0.1_60690
15:07:51.612 [com.alibaba.nacos.client.remote.worker] INFO  c.a.n.c.r.client - [printIfInfoEnabled,60] - [73ff3691-6866-402b-bb37-db99ae44e2de] Notify connected event to listeners.
15:07:51.612 [main] INFO  c.a.n.c.r.client - [printIfInfoEnabled,60] - [73ff3691-6866-402b-bb37-db99ae44e2de] Register server push request handler:com.alibaba.nacos.common.remote.client.RpcClient$ConnectResetRequestHandler
15:07:51.614 [main] INFO  c.a.n.c.r.client - [printIfInfoEnabled,60] - [73ff3691-6866-402b-bb37-db99ae44e2de] Register server push request handler:com.alibaba.nacos.common.remote.client.RpcClient$$Lambda$459/0x00000008003ee840
15:07:51.664 [main] INFO  o.a.c.h.Http11NioProtocol - [log,173] - Starting ProtocolHandler ["http-nio-9321"]
15:07:51.687 [main] INFO  c.a.c.n.r.NacosServiceRegistry - [register,75] - nacos registry, DEFAULT_GROUP cloud-api 172.16.90.73:9321 register finished
15:07:52.134 [main] INFO  c.c.CloudApiApplication - [logStarted,61] - Started CloudApiApplication in 6.929 seconds (JVM running for 7.812)
15:07:52.142 [main] INFO  c.a.c.n.r.NacosContextRefresher - [registerNacosListenersForApplications,105] - listening config: dataId=cloud-api, group=DEFAULT_GROUP
15:07:52.144 [main] INFO  c.a.c.n.r.NacosContextRefresher - [registerNacosListenersForApplications,105] - listening config: dataId=cloud-api.yml, group=DEFAULT_GROUP
15:07:52.146 [main] INFO  c.a.c.n.r.NacosContextRefresher - [registerNacosListenersForApplications,105] - listening config: dataId=cloud-api-dev.yml, group=DEFAULT_GROUP
15:07:52.163 [nacos-grpc-client-executor-5] INFO  c.a.n.c.r.client - [printIfInfoEnabled,60] - [73ff3691-6866-402b-bb37-db99ae44e2de] Receive server push request, request = NotifySubscriberRequest, requestId = 2
15:07:52.163 [scheduling-1] INFO  c.z.h.HikariDataSource - [getConnection,110] - HikariPool-1 - Starting...
15:07:52.168 [nacos-grpc-client-executor-5] INFO  c.a.n.c.r.client - [printIfInfoEnabled,60] - [73ff3691-6866-402b-bb37-db99ae44e2de] Ack server push request, request = NotifySubscriberRequest, requestId = 2
15:07:52.669 [main] INFO  o.a.c.h.Http11NioProtocol - [log,173] - Initializing ProtocolHandler ["http-nio-9322"]
15:07:52.670 [main] INFO  o.a.c.c.StandardService - [log,173] - Starting service [Tomcat]
15:07:52.670 [main] INFO  o.a.c.c.StandardEngine - [log,173] - Starting Servlet engine: [Apache Tomcat/9.0.62]
15:07:52.688 [scheduling-1] INFO  c.z.h.HikariDataSource - [getConnection,123] - HikariPool-1 - Start completed.
15:07:52.812 [main] INFO  o.a.c.c.C.[.[.[/] - [log,173] - Initializing Spring embedded WebApplicationContext
15:07:54.506 [main] INFO  c.a.n.c.r.client - [lambda$createClient$0,80] - [RpcClientFactory] create a new rpc client of d834872f-e8ab-4fc5-80d4-754d8e2f3104
15:07:54.506 [main] INFO  c.a.n.c.r.client - [printIfInfoEnabled,60] - [d834872f-e8ab-4fc5-80d4-754d8e2f3104] RpcClient init label, labels = {module=naming, source=sdk}
15:07:54.508 [main] INFO  c.a.n.c.r.client - [printIfInfoEnabled,60] - [d834872f-e8ab-4fc5-80d4-754d8e2f3104] RpcClient init, ServerListFactory = com.alibaba.nacos.client.naming.core.ServerListManager
15:07:54.508 [main] INFO  c.a.n.c.r.client - [printIfInfoEnabled,60] - [d834872f-e8ab-4fc5-80d4-754d8e2f3104] Registry connection listener to current client:com.alibaba.nacos.client.naming.remote.gprc.redo.NamingGrpcRedoService
15:07:54.508 [main] INFO  c.a.n.c.r.client - [printIfInfoEnabled,60] - [d834872f-e8ab-4fc5-80d4-754d8e2f3104] Register server push request handler:com.alibaba.nacos.client.naming.remote.gprc.NamingPushRequestHandler
15:07:54.508 [main] INFO  c.a.n.c.r.client - [printIfInfoEnabled,60] - [d834872f-e8ab-4fc5-80d4-754d8e2f3104] Try to connect to server on start up, server: {serverIp = 'localhost', server main port = 8848}
15:07:54.639 [main] INFO  c.a.n.c.r.client - [printIfInfoEnabled,60] - [d834872f-e8ab-4fc5-80d4-754d8e2f3104] Success to connect to server [localhost:8848] on start up, connectionId = 1747033674518_127.0.0.1_60712
15:07:54.639 [com.alibaba.nacos.client.remote.worker] INFO  c.a.n.c.r.client - [printIfInfoEnabled,60] - [d834872f-e8ab-4fc5-80d4-754d8e2f3104] Notify connected event to listeners.
15:07:54.639 [main] INFO  c.a.n.c.r.client - [printIfInfoEnabled,60] - [d834872f-e8ab-4fc5-80d4-754d8e2f3104] Register server push request handler:com.alibaba.nacos.common.remote.client.RpcClient$ConnectResetRequestHandler
15:07:54.640 [main] INFO  c.a.n.c.r.client - [printIfInfoEnabled,60] - [d834872f-e8ab-4fc5-80d4-754d8e2f3104] Register server push request handler:com.alibaba.nacos.common.remote.client.RpcClient$$Lambda$459/0x00000008003eec40
15:07:54.689 [main] INFO  o.a.c.h.Http11NioProtocol - [log,173] - Starting ProtocolHandler ["http-nio-9322"]
15:07:54.717 [main] INFO  c.a.c.n.r.NacosServiceRegistry - [register,75] - nacos registry, DEFAULT_GROUP cloud-notice 172.16.90.73:9322 register finished
15:07:55.062 [main] INFO  c.c.CloudLogisticsApplication - [logStarted,61] - Started CloudLogisticsApplication in 6.621 seconds (JVM running for 7.665)
15:07:55.069 [main] INFO  c.a.c.n.r.NacosContextRefresher - [registerNacosListenersForApplications,105] - listening config: dataId=cloud-notice.yml, group=DEFAULT_GROUP
15:07:55.070 [main] INFO  c.a.c.n.r.NacosContextRefresher - [registerNacosListenersForApplications,105] - listening config: dataId=cloud-notice, group=DEFAULT_GROUP
15:07:55.070 [main] INFO  c.a.c.n.r.NacosContextRefresher - [registerNacosListenersForApplications,105] - listening config: dataId=cloud-notice-dev.yml, group=DEFAULT_GROUP
15:07:55.101 [scheduling-1] INFO  c.z.h.HikariDataSource - [getConnection,110] - HikariPool-1 - Starting...
15:07:55.198 [nacos-grpc-client-executor-8] INFO  c.a.n.c.r.client - [printIfInfoEnabled,60] - [d834872f-e8ab-4fc5-80d4-754d8e2f3104] Receive server push request, request = NotifySubscriberRequest, requestId = 3
15:07:55.201 [nacos-grpc-client-executor-8] INFO  c.a.n.c.r.client - [printIfInfoEnabled,60] - [d834872f-e8ab-4fc5-80d4-754d8e2f3104] Ack server push request, request = NotifySubscriberRequest, requestId = 3
15:07:55.588 [scheduling-1] INFO  c.z.h.HikariDataSource - [getConnection,123] - HikariPool-1 - Start completed.
15:08:30.392 [http-nio-9324-exec-1] INFO  o.a.c.c.C.[.[.[/] - [log,173] - Initializing Spring DispatcherServlet 'dispatcherServlet'
15:43:33.956 [lettuce-nioEventLoop-4-1] INFO  i.l.c.p.CommandHandler - [log,217] - null Unexpected exception during request: java.io.IOException: 
java.io.IOException: 
	at java.base/sun.nio.ch.SocketDispatcher.read0(Native Method)
	at java.base/sun.nio.ch.SocketDispatcher.read(SocketDispatcher.java:43)
	at java.base/sun.nio.ch.IOUtil.readIntoNativeBuffer(IOUtil.java:276)
	at java.base/sun.nio.ch.IOUtil.read(IOUtil.java:233)
	at java.base/sun.nio.ch.IOUtil.read(IOUtil.java:223)
	at java.base/sun.nio.ch.SocketChannelImpl.read(SocketChannelImpl.java:358)
	at io.netty.buffer.PooledByteBuf.setBytes(PooledByteBuf.java:258)
	at io.netty.buffer.AbstractByteBuf.writeBytes(AbstractByteBuf.java:1132)
	at io.netty.channel.socket.nio.NioSocketChannel.doReadBytes(NioSocketChannel.java:357)
	at io.netty.channel.nio.AbstractNioByteChannel$NioByteUnsafe.read(AbstractNioByteChannel.java:151)
	at io.netty.channel.nio.NioEventLoop.processSelectedKey(NioEventLoop.java:722)
	at io.netty.channel.nio.NioEventLoop.processSelectedKeysOptimized(NioEventLoop.java:658)
	at io.netty.channel.nio.NioEventLoop.processSelectedKeys(NioEventLoop.java:584)
	at io.netty.channel.nio.NioEventLoop.run(NioEventLoop.java:496)
	at io.netty.util.concurrent.SingleThreadEventExecutor$4.run(SingleThreadEventExecutor.java:986)
	at io.netty.util.internal.ThreadExecutorMap$2.run(ThreadExecutorMap.java:74)
	at io.netty.util.concurrent.FastThreadLocalRunnable.run(FastThreadLocalRunnable.java:30)
	at java.base/java.lang.Thread.run(Thread.java:834)
15:43:34.067 [lettuce-eventExecutorLoop-1-2] INFO  i.l.c.p.ConnectionWatchdog - [log,171] - Reconnecting, last destination was /43.138.185.132:6379
15:43:34.163 [lettuce-nioEventLoop-4-2] INFO  i.l.c.p.ReconnectionHandler - [lambda$null$3,174] - Reconnected to 43.138.185.132:6379
15:43:34.476 [nacos-grpc-client-executor-414] INFO  c.a.n.c.r.client - [printIfInfoEnabled,60] - [b39e3f81-18f8-4888-9ecf-6b6829eea76c] Receive server push request, request = ClientDetectionRequest, requestId = 10
15:43:34.476 [nacos-grpc-client-executor-421] INFO  c.a.n.c.r.client - [printIfInfoEnabled,60] - [2d85092e-42a1-4d9a-9080-5203ec75bd1d_config-0] Receive server push request, request = ClientDetectionRequest, requestId = 11
15:43:34.476 [nacos-grpc-client-executor-414] INFO  c.a.n.c.r.client - [printIfInfoEnabled,60] - [b39e3f81-18f8-4888-9ecf-6b6829eea76c] Ack server push request, request = ClientDetectionRequest, requestId = 10
15:43:34.476 [nacos-grpc-client-executor-421] INFO  c.a.n.c.r.client - [printIfInfoEnabled,60] - [2d85092e-42a1-4d9a-9080-5203ec75bd1d_config-0] Ack server push request, request = ClientDetectionRequest, requestId = 11
15:43:34.476 [nacos-grpc-client-executor-415] INFO  c.a.n.c.r.client - [printIfInfoEnabled,60] - [29f5dbff-7d96-47e7-9375-12d9f600f5f1_config-0] Receive server push request, request = ClientDetectionRequest, requestId = 15
15:43:34.476 [nacos-grpc-client-executor-414] INFO  c.a.n.c.r.client - [printIfInfoEnabled,60] - [73ff3691-6866-402b-bb37-db99ae44e2de] Receive server push request, request = ClientDetectionRequest, requestId = 12
15:43:34.476 [nacos-grpc-client-executor-415] INFO  c.a.n.c.r.client - [printIfInfoEnabled,60] - [29f5dbff-7d96-47e7-9375-12d9f600f5f1_config-0] Ack server push request, request = ClientDetectionRequest, requestId = 15
15:43:34.480 [nacos-grpc-client-executor-414] INFO  c.a.n.c.r.client - [printIfInfoEnabled,60] - [73ff3691-6866-402b-bb37-db99ae44e2de] Ack server push request, request = ClientDetectionRequest, requestId = 12
15:43:34.476 [nacos-grpc-client-executor-409] INFO  c.a.n.c.r.client - [printIfInfoEnabled,60] - [d834872f-e8ab-4fc5-80d4-754d8e2f3104] Receive server push request, request = ClientDetectionRequest, requestId = 14
15:43:34.480 [nacos-grpc-client-executor-409] INFO  c.a.n.c.r.client - [printIfInfoEnabled,60] - [d834872f-e8ab-4fc5-80d4-754d8e2f3104] Ack server push request, request = ClientDetectionRequest, requestId = 14
16:01:32.710 [http-nio-9322-exec-1] INFO  o.a.c.c.C.[.[.[/] - [log,173] - Initializing Spring DispatcherServlet 'dispatcherServlet'
16:04:07.404 [http-nio-9321-exec-1] INFO  o.a.c.c.C.[.[.[/] - [log,173] - Initializing Spring DispatcherServlet 'dispatcherServlet'
16:36:33.664 [SpringApplicationShutdownHook] INFO  c.a.c.n.r.NacosServiceRegistry - [deregister,94] - De-registering from Nacos Server now...
16:36:33.671 [SpringApplicationShutdownHook] INFO  c.a.c.n.r.NacosServiceRegistry - [deregister,114] - De-registration finished.
16:36:33.709 [SpringApplicationShutdownHook] INFO  c.a.c.n.r.NacosServiceRegistry - [deregister,94] - De-registering from Nacos Server now...
16:36:33.709 [SpringApplicationShutdownHook] INFO  c.a.c.n.r.NacosServiceRegistry - [deregister,94] - De-registering from Nacos Server now...
16:36:33.712 [SpringApplicationShutdownHook] INFO  c.a.c.n.r.NacosServiceRegistry - [deregister,114] - De-registration finished.
16:36:33.712 [SpringApplicationShutdownHook] INFO  c.a.c.n.r.NacosServiceRegistry - [deregister,114] - De-registration finished.
16:36:34.002 [SpringApplicationShutdownHook] INFO  c.a.n.c.r.client - [shutdown,454] - Shutdown rpc client, set status to shutdown
16:36:34.002 [SpringApplicationShutdownHook] INFO  c.a.n.c.r.client - [shutdown,456] - Shutdown client event executor java.util.concurrent.ScheduledThreadPoolExecutor@589022e1[Running, pool size = 2, active threads = 2, queued tasks = 0, completed tasks = 0]
16:36:34.003 [SpringApplicationShutdownHook] INFO  c.a.n.c.r.client - [closeConnection,591] - Close current connection 1747033668762_127.0.0.1_60600
16:36:34.005 [nacos-grpc-client-executor-1051] INFO  c.a.n.c.r.c.g.GrpcClient - [printIfInfoEnabled,60] - [1747033668762_127.0.0.1_60600]Ignore complete event,isRunning:false,isAbandon=false
16:36:34.008 [SpringApplicationShutdownHook] INFO  c.a.n.c.r.c.g.GrpcClient - [shutdown,85] - Shutdown grpc executor java.util.concurrent.ThreadPoolExecutor@17fe057[Running, pool size = 5, active threads = 0, queued tasks = 0, completed tasks = 1052]
16:36:34.032 [SpringApplicationShutdownHook] INFO  c.a.n.c.r.client - [shutdown,454] - Shutdown rpc client, set status to shutdown
16:36:34.033 [SpringApplicationShutdownHook] INFO  c.a.n.c.r.client - [shutdown,456] - Shutdown client event executor java.util.concurrent.ScheduledThreadPoolExecutor@34507923[Running, pool size = 2, active threads = 2, queued tasks = 0, completed tasks = 0]
16:36:34.033 [SpringApplicationShutdownHook] INFO  c.a.n.c.r.client - [closeConnection,591] - Close current connection 1747033674518_127.0.0.1_60712
16:36:34.034 [SpringApplicationShutdownHook] INFO  c.a.n.c.r.client - [shutdown,454] - Shutdown rpc client, set status to shutdown
16:36:34.034 [SpringApplicationShutdownHook] INFO  c.a.n.c.r.client - [shutdown,456] - Shutdown client event executor java.util.concurrent.ScheduledThreadPoolExecutor@58c9ba1e[Running, pool size = 2, active threads = 2, queued tasks = 0, completed tasks = 0]
16:36:34.035 [SpringApplicationShutdownHook] INFO  c.a.n.c.r.client - [closeConnection,591] - Close current connection 1747033671491_127.0.0.1_60690
16:36:34.035 [nacos-grpc-client-executor-1047] INFO  c.a.n.c.r.c.g.GrpcClient - [printIfInfoEnabled,60] - [1747033674518_127.0.0.1_60712]Ignore complete event,isRunning:false,isAbandon=false
16:36:34.037 [nacos-grpc-client-executor-1051] INFO  c.a.n.c.r.c.g.GrpcClient - [printIfInfoEnabled,60] - [1747033671491_127.0.0.1_60690]Ignore complete event,isRunning:false,isAbandon=false
16:36:34.037 [SpringApplicationShutdownHook] INFO  c.a.n.c.r.c.g.GrpcClient - [shutdown,85] - Shutdown grpc executor java.util.concurrent.ThreadPoolExecutor@38ea7544[Running, pool size = 5, active threads = 0, queued tasks = 0, completed tasks = 1048]
16:36:34.039 [SpringApplicationShutdownHook] INFO  c.z.h.HikariDataSource - [close,350] - HikariPool-1 - Shutdown initiated...
16:36:34.041 [SpringApplicationShutdownHook] INFO  c.a.n.c.r.c.g.GrpcClient - [shutdown,85] - Shutdown grpc executor java.util.concurrent.ThreadPoolExecutor@3fe595a7[Running, pool size = 5, active threads = 0, queued tasks = 0, completed tasks = 1052]
16:36:34.044 [SpringApplicationShutdownHook] INFO  c.z.h.HikariDataSource - [close,350] - HikariPool-1 - Shutdown initiated...
16:36:34.049 [SpringApplicationShutdownHook] INFO  c.z.h.HikariDataSource - [close,352] - HikariPool-1 - Shutdown completed.
16:36:34.053 [SpringApplicationShutdownHook] INFO  c.z.h.HikariDataSource - [close,352] - HikariPool-1 - Shutdown completed.
16:36:34.147 [SpringApplicationShutdownHook] INFO  c.z.h.HikariDataSource - [close,350] - HikariPool-1 - Shutdown initiated...
16:36:34.153 [SpringApplicationShutdownHook] INFO  c.z.h.HikariDataSource - [close,352] - HikariPool-1 - Shutdown completed.
